<?xml version="1.0" encoding="UTF-8"?>
<testsuite xmlns:xsi="http://www.w3.org/2001/XMLSchema-instance" xsi:noNamespaceSchemaLocation="https://maven.apache.org/surefire/maven-surefire-plugin/xsd/surefire-test-report.xsd" name="data.management.repository.TP_oneM2M_CSE_DMR_DEL_011" time="93.917" tests="8" errors="0" skipped="0" failures="4">
  <properties>
[...]
</properties>
  <testcase name="TP_oneM2M_CSE_DMR_DEL_011_RCN_2" classname="data.management.repository.TP_oneM2M_CSE_DMR_DEL_011" time="6.164"/>
  <testcase name="TP_oneM2M_CSE_DMR_DEL_011_RCN_3" classname="data.management.repository.TP_oneM2M_CSE_DMR_DEL_011" time="5.957"/>
  <testcase name="TP_oneM2M_CSE_DMR_DEL_011_RCN_4" classname="data.management.repository.TP_oneM2M_CSE_DMR_DEL_011" time="5.907">
    <failure message="expected:&lt;4000&gt; but was:&lt;2002&gt;" type="java.lang.AssertionError"><![CDATA[java.lang.AssertionError: expected:<4000> but was:<2002>
	at data.management.repository.TP_oneM2M_CSE_DMR_DEL_011.TP_oneM2M_CSE_DMR_DEL_011_RCN_4(TP_oneM2M_CSE_DMR_DEL_011.java:156)
]]></failure>
    <system-out><![CDATA[$$$$$$$$$$$$$$$$$$$$$$$$$$$$$$$$$$$$$$$$$$$$$$$$$$$$$$$$$$$$$$$$$$$$$$$$$$$$$$$$$$$$$$$$$$$$$$$$$$$$$$$$$$$$$$$
[RestHttpsCertificateBasedClient] Inside RestHttpsCertificateBasedClient
REST HTTP CERTIFICATE BASED CLIENT
[EL Warning]: 2020-02-14 10:19:32.96--Ignoring attribute [desiredIdentifierResultType] on class [RequestPrimitive] as no Property was generated for it.
[EL Warning]: 2020-02-14 10:19:32.961--Ignoring attribute [responseStatusCode] on class [RequestPrimitive] as no Property was generated for it.
[EL Warning]: 2020-02-14 10:19:32.961--Ignoring attribute [assignedTokenIdentifiers] on class [RequestPrimitive] as no Property was generated for it.
[EL Warning]: 2020-02-14 10:19:32.961--Ignoring attribute [contentStatus] on class [RequestPrimitive] as no Property was generated for it.
[EL Warning]: 2020-02-14 10:19:32.961--Ignoring attribute [contentOffset] on class [RequestPrimitive] as no Property was generated for it.
[EL Warning]: 2020-02-14 10:19:32.961--Ignoring attribute [authorSignReqInfo] on class [RequestPrimitive] as no Property was generated for it.
[EL Warning]: 2020-02-14 10:19:32.961--Ignoring attribute [null] on class [AuthenticationProfile] as no Property was generated for it.
OPERATION: 1
START:  ***********oneM2MToHttpRequest:************

[EL Warning]: 2020-02-14 10:19:33.115--Ignoring attribute [desiredIdentifierResultType] on class [RequestPrimitive] as no Property was generated for it.
[EL Warning]: 2020-02-14 10:19:33.115--Ignoring attribute [responseStatusCode] on class [RequestPrimitive] as no Property was generated for it.
[EL Warning]: 2020-02-14 10:19:33.115--Ignoring attribute [assignedTokenIdentifiers] on class [RequestPrimitive] as no Property was generated for it.
[EL Warning]: 2020-02-14 10:19:33.115--Ignoring attribute [contentStatus] on class [RequestPrimitive] as no Property was generated for it.
[EL Warning]: 2020-02-14 10:19:33.115--Ignoring attribute [contentOffset] on class [RequestPrimitive] as no Property was generated for it.
[EL Warning]: 2020-02-14 10:19:33.115--Ignoring attribute [authorSignReqInfo] on class [RequestPrimitive] as no Property was generated for it.
[EL Warning]: 2020-02-14 10:19:33.115--Ignoring attribute [null] on class [AuthenticationProfile] as no Property was generated for it.


-----------------CLIENT SERIALIZING REQUEST------------------------------


******PAYLOADcdot.onem2m.resource.xsd.AE@64a41b2[resourceType=<null>(default), resourceID=<null>(default), parentID=<null>(default), creationTime=<null>(default), lastModifiedTime=<null>(default), labels={TemporaryLabel}, resourceName=<null>(default), accessControlPolicyIDs=<null>(default), expirationTime=<null>(default), dynamicAuthorizationConsultationIDs=<null>(default), announceTo=<null>(default), announcedAttribute=<null>(default), appName=TestAppName, appID=ra1.cdot.in.CDOTApps-xyzz, aeid=<null>(default), pointOfAccess={http://IP:PORT}, ontologyRef=<null>(default), nodeLink=KuchTohGadbadHaiDaya, requestReachability=true, contentSerialization=<null>(default), e2ESecInfo=<null>(default), m2MExtID=<null>(default), supportedReleaseVersions={2a,3}, registrationStatus=<null>(default), trackRegistrationPoints=<null>(default), sessionCapabilities=<null>(default), triggerEnable=<null>(default), activityPatternElements=<null>(default), childResource=<null>(default), container=<null>(default), group=<null>(default), accessControlPolicy=<null>(default), subscription=<null>(default), pollingChannel=<null>(default), schedule=<null>(default), semanticDescriptor=<null>(default), timeSeries=<null>(default), sgFlexContainerResource=<null>(default), semanticMashupInstance=<null>(default), multimediaSession=<null>(default), crossResourceSubscription=<null>(default), triggerRequest=<null>(default), transactionMgmt=<null>(default), transaction=<null>(default)]
[JAXBDataMapper]Element name: {http://www.onem2m.org/xml/protocols}m2m:ae

CONVERTED CONTENT: 
{
   "m2m:ae" : {
      "lbl" : [ "TemporaryLabel" ],
      "apn" : "TestAppName",
      "api" : "ra1.cdot.in.CDOTApps-xyzz",
      "poa" : [ "http://IP:PORT" ],
      "nl" : "KuchTohGadbadHaiDaya",
      "rr" : "true",
      "srv" : [ "2a", "3" ]
   }
}
ENTITY[Content-Length: 254,Chunked: false]
CONTENT TYPE: Content-Type: application/vnd.onem2m-res+json;ty=2
ACCEPT: Accept: application/vnd.onem2m-res+json
TO: /R0
URL: POST https://192.168.126.3:9090/R0 HTTP/1.1
XM2M-RI: ade3a18a-fdfa-499e-9ee8-fdfc59e5c0fbRequest Expr time: 20200214T102432
END:  ***********oneM2MToHttpRequest:************

In MyX509ExtendedTrustManager java.security.KeyStore@3eab64ce
TMS 0 sun.security.ssl.X509TrustManagerImpl@4c10762
[RestHttpsCertificateBasedClient] saefIpAddress :: 192.168.126.3
[RestHttpsCertificateBasedClient] saefPort :: 9090
***************************************************In printSocketInfo******************************************************************
Enabled Ciphersuites TLS_ECDHE_ECDSA_WITH_AES_256_CBC_SHA384
Enabled Ciphersuites TLS_ECDHE_RSA_WITH_AES_256_CBC_SHA384
Enabled Ciphersuites TLS_RSA_WITH_AES_256_CBC_SHA256
Enabled Ciphersuites TLS_ECDH_ECDSA_WITH_AES_256_CBC_SHA384
Enabled Ciphersuites TLS_ECDH_RSA_WITH_AES_256_CBC_SHA384
Enabled Ciphersuites TLS_DHE_RSA_WITH_AES_256_CBC_SHA256
Enabled Ciphersuites TLS_DHE_DSS_WITH_AES_256_CBC_SHA256
Enabled Ciphersuites TLS_ECDHE_ECDSA_WITH_AES_256_CBC_SHA
Enabled Ciphersuites TLS_ECDHE_RSA_WITH_AES_256_CBC_SHA
Enabled Ciphersuites TLS_RSA_WITH_AES_256_CBC_SHA
Enabled Ciphersuites TLS_ECDH_ECDSA_WITH_AES_256_CBC_SHA
Enabled Ciphersuites TLS_ECDH_RSA_WITH_AES_256_CBC_SHA
Enabled Ciphersuites TLS_DHE_RSA_WITH_AES_256_CBC_SHA
Enabled Ciphersuites TLS_DHE_DSS_WITH_AES_256_CBC_SHA
Enabled Ciphersuites TLS_ECDHE_ECDSA_WITH_AES_128_CBC_SHA256
Enabled Ciphersuites TLS_ECDHE_RSA_WITH_AES_128_CBC_SHA256
Enabled Ciphersuites TLS_RSA_WITH_AES_128_CBC_SHA256
Enabled Ciphersuites TLS_ECDH_ECDSA_WITH_AES_128_CBC_SHA256
Enabled Ciphersuites TLS_ECDH_RSA_WITH_AES_128_CBC_SHA256
Enabled Ciphersuites TLS_DHE_RSA_WITH_AES_128_CBC_SHA256
Enabled Ciphersuites TLS_DHE_DSS_WITH_AES_128_CBC_SHA256
Enabled Ciphersuites TLS_ECDHE_ECDSA_WITH_AES_128_CBC_SHA
Enabled Ciphersuites TLS_ECDHE_RSA_WITH_AES_128_CBC_SHA
Enabled Ciphersuites TLS_RSA_WITH_AES_128_CBC_SHA
Enabled Ciphersuites TLS_ECDH_ECDSA_WITH_AES_128_CBC_SHA
Enabled Ciphersuites TLS_ECDH_RSA_WITH_AES_128_CBC_SHA
Enabled Ciphersuites TLS_DHE_RSA_WITH_AES_128_CBC_SHA
Enabled Ciphersuites TLS_DHE_DSS_WITH_AES_128_CBC_SHA
Enabled Ciphersuites TLS_ECDHE_ECDSA_WITH_AES_256_GCM_SHA384
Enabled Ciphersuites TLS_ECDHE_ECDSA_WITH_AES_128_GCM_SHA256
Enabled Ciphersuites TLS_ECDHE_RSA_WITH_AES_256_GCM_SHA384
Enabled Ciphersuites TLS_RSA_WITH_AES_256_GCM_SHA384
Enabled Ciphersuites TLS_ECDH_ECDSA_WITH_AES_256_GCM_SHA384
Enabled Ciphersuites TLS_ECDH_RSA_WITH_AES_256_GCM_SHA384
Enabled Ciphersuites TLS_DHE_RSA_WITH_AES_256_GCM_SHA384
Enabled Ciphersuites TLS_DHE_DSS_WITH_AES_256_GCM_SHA384
Enabled Ciphersuites TLS_ECDHE_RSA_WITH_AES_128_GCM_SHA256
Enabled Ciphersuites TLS_RSA_WITH_AES_128_GCM_SHA256
Enabled Ciphersuites TLS_ECDH_ECDSA_WITH_AES_128_GCM_SHA256
Enabled Ciphersuites TLS_ECDH_RSA_WITH_AES_128_GCM_SHA256
Enabled Ciphersuites TLS_DHE_RSA_WITH_AES_128_GCM_SHA256
Enabled Ciphersuites TLS_DHE_DSS_WITH_AES_128_GCM_SHA256
Enabled Ciphersuites TLS_EMPTY_RENEGOTIATION_INFO_SCSV
Supported protocols: [SSLv2Hello, SSLv3, TLSv1, TLSv1.1, TLSv1.2]
Enabled protocols: [TLSv1, TLSv1.1, TLSv1.2]
Socket class: class sun.security.ssl.SSLSocketImpl
   Remote address = /192.168.126.3
   Remote port = 9090
   Local socket address = /192.168.105.196:40470
   Local address = /192.168.105.196
   Local port = 40470
   Need client authentication = false
   Want client authentication = false
   Use client mode = true
getsession cert [Ljava.security.cert.X509Certificate;@3de75db7 chain [Ljavax.security.cert.X509Certificate;@580fc3d1 host 192.168.126.3 int host 9090 principal CN=www.cdot1.com, OU=IT, O=CDOT, ST=DELHI, C=IN
Cert length 2
cert [
[
  Version: V3
  Subject: CN=www.cdot1.com, OU=IT, O=CDOT, ST=DELHI, C=IN
  Signature Algorithm: SHA256withRSA, OID = 1.2.840.113549.1.1.11

  Key:  Sun RSA public key, 2048 bits
  modulus: 29004517019861970090249101516661648002894508855361257127144308604493070880898240006625013690565773004742781432158070630900710385263392929926135814414167666189107549830611813748725096283445487209824969178317312069598648222174604320556916887110211402743395536426987381812546414679063000197914052855660875276320635566960228678906206413028088270323047900446079763662007667324264498598511459028555046846798859146535392628878444072179957534172630438883550885582907570634094459105473142810120294265847658484306881915672971023805969932400835602622239464522304160717043041486337435228498274377315173616599166026097454977849281
  public exponent: 65537
  Validity: [From: Thu Sep 21 11:38:29 IST 2017,
               To: Sat Aug 15 11:38:29 IST 2020]
  Issuer: CN=subca1, OU=IT, O=CDOT, ST=DELHI, C=IN
  SerialNumber: [    8e225f53 b2975e76]

Certificate Extensions: 5
[1]: ObjectId: 2.16.840.1.113730.1.13 Criticality=false
Extension unknown: DER encoded OCTET string =
0000: 04 1F 16 1D 4F 70 65 6E   53 53 4C 20 47 65 6E 65  ....OpenSSL Gene
0010: 72 61 74 65 64 20 43 65   72 74 69 66 69 63 61 74  rated Certificat
0020: 65                                                 e


[2]: ObjectId: 2.5.29.35 Criticality=false
AuthorityKeyIdentifier [
KeyIdentifier [
0000: D2 63 6D 93 21 2A DD 5A   2E 6C 4D 10 26 BB DB 1A  .cm.!*.Z.lM.&...
0010: 16 92 51 AE                                        ..Q.
]
]

[3]: ObjectId: 2.5.29.19 Criticality=false
BasicConstraints:[
  CA:false
  PathLen: undefined
]

[4]: ObjectId: 2.5.29.17 Criticality=false
SubjectAlternativeName [
  DNSName: //www.cdot1.com
]

[5]: ObjectId: 2.5.29.14 Criticality=false
SubjectKeyIdentifier [
KeyIdentifier [
0000: 44 D1 A3 43 AA 26 F3 81   1D A8 57 31 76 02 B8 CB  D..C.&....W1v...
0010: 78 2A 7F 4C                                        x*.L
]
]

]
  Algorithm: [SHA256withRSA]
  Signature:
0000: 20 6B FF 4B B5 91 6D D7   A7 16 AF 56 4B 5B D9 D6   k.K..m....VK[..
0010: BE 04 95 75 AA 44 CC 53   27 DB DF F2 FA CD 1D 49  ...u.D.S'......I
0020: 8C 5F 96 AA F1 B5 F6 3C   D3 58 23 14 94 43 36 34  ._.....<.X#..C64
0030: 06 78 F0 47 10 E6 89 7E   0A 21 41 23 B1 C4 4E 02  .x.G.....!A#..N.
0040: 51 5E 75 C6 90 11 D5 4E   12 4A 29 40 C5 28 C3 31  Q^u....N.J)@.(.1
0050: 98 EA 43 71 9A 03 1B FD   AA C8 A7 8D C4 46 57 A0  ..Cq.........FW.
0060: C9 5B 2B D3 40 33 1E 0F   32 7B 63 56 71 DB B5 24  .[+.@3..2.cVq..$
0070: D0 E2 65 80 A9 B3 D2 01   E5 BD 06 85 F0 43 0C 4C  ..e..........C.L
0080: A8 84 FF 17 ED 26 63 F9   93 9B E3 6A 72 DA CB CB  .....&c....jr...
0090: 82 DE 24 1F 6B 37 6D 48   28 66 AD 8F 44 CA C6 AF  ..$.k7mH(f..D...
00A0: 21 EF E7 75 C3 BA F8 E9   AB 85 AE A9 8B EB 13 5D  !..u...........]
00B0: B9 9E 0D DB 18 FA BD D2   2B 13 D7 1B F1 BB 3A 07  ........+.....:.
00C0: 2B 2A 1E EA 10 99 84 A1   33 3E 11 14 8B 8B 9D AE  +*......3>......
00D0: 7F 5B 79 30 83 E2 9B 02   03 48 5C B7 3D 39 FB E5  .[y0.....H\.=9..
00E0: 2F F0 50 6E 13 21 37 79   DD A4 50 C7 06 65 71 B5  /.Pn.!7y..P..eq.
00F0: 3B 62 CE 61 10 D1 6D A6   6A A3 B7 95 25 53 18 C1  ;b.a..m.j...%S..

]
cert [
[
  Version: V3
  Subject: CN=subca1, OU=IT, O=CDOT, ST=DELHI, C=IN
  Signature Algorithm: SHA256withRSA, OID = 1.2.840.113549.1.1.11

  Key:  Sun RSA public key, 2048 bits
  modulus: 22459088573830172065138623946452075332484366282745162692509726313226519891309164111511110363852934862051207741500401493382991627703437472637634599833067960375791423692984767918062222812927419701966974532089073338703910051032950853797509200402164030458119017533268092365924307307085149200336473705378297647423575325895503749050236106621992064735898600004791035678681738321183275445986940808163844707059500468660037049520100497673107900254686995664972417850590702807315721998845831542192645807480569169068076774380267450322345578202742396677417433901702151242189123979374977218011419701197126577268149214149312724872307
  public exponent: 65537
  Validity: [From: Thu Sep 21 11:15:38 IST 2017,
               To: Sat Aug 15 11:15:38 IST 2020]
  Issuer: CN=CA ROOT, OU=IT, O=CDOT, ST=DELHI, C=IN
  SerialNumber: [    8e225f53 b2975e75]

Certificate Extensions: 5
[1]: ObjectId: 2.16.840.1.113730.1.13 Criticality=false
Extension unknown: DER encoded OCTET string =
0000: 04 1F 16 1D 4F 70 65 6E   53 53 4C 20 47 65 6E 65  ....OpenSSL Gene
0010: 72 61 74 65 64 20 43 65   72 74 69 66 69 63 61 74  rated Certificat
0020: 65                                                 e


[2]: ObjectId: 2.5.29.35 Criticality=false
AuthorityKeyIdentifier [
KeyIdentifier [
0000: 46 E7 4B 1F 06 3C 22 43   10 AF 7E 8E C8 45 02 7C  F.K..<"C.....E..
0010: FE A3 13 9D                                        ....
]
]

[3]: ObjectId: 2.5.29.19 Criticality=false
BasicConstraints:[
  CA:true
  PathLen:2147483647
]

[4]: ObjectId: 2.5.29.15 Criticality=false
KeyUsage [
  Key_CertSign
  Crl_Sign
]

[5]: ObjectId: 2.5.29.14 Criticality=false
SubjectKeyIdentifier [
KeyIdentifier [
0000: D2 63 6D 93 21 2A DD 5A   2E 6C 4D 10 26 BB DB 1A  .cm.!*.Z.lM.&...
0010: 16 92 51 AE                                        ..Q.
]
]

]
  Algorithm: [SHA256withRSA]
  Signature:
0000: 9D BD F0 2A AB 34 E1 9F   46 95 9C 23 7F A1 68 A7  ...*.4..F..#..h.
0010: 68 8E CB 51 59 1C A7 CC   85 2A 9E 4A FF F5 80 C4  h..QY....*.J....
0020: 63 44 3E D2 3F B3 B2 E6   0F C8 E2 6E B6 C5 46 93  cD>.?......n..F.
0030: BB 65 61 30 87 44 94 10   14 10 3F 2A 72 23 EB 42  .ea0.D....?*r#.B
0040: F0 EC 1F AC 86 7F 95 CD   35 3A 66 B8 61 CF 97 37  ........5:f.a..7
0050: 44 C6 B7 F4 C1 D2 8D 1A   44 1B 85 BA 86 A7 2C 01  D.......D.....,.
0060: 2C 41 07 6C 85 73 C8 DC   AC A5 28 E4 04 C3 BA 18  ,A.l.s....(.....
0070: 6B AF 78 A6 D4 EE 33 9F   B0 45 EF CE 4C E5 74 99  k.x...3..E..L.t.
0080: 08 A5 BF 00 E2 BA C8 F7   3D AC 6C B5 FD 7C CA 23  ........=.l....#
0090: FF EC DD DC 7E 17 78 AB   71 D0 C7 39 34 94 59 A2  ......x.q..94.Y.
00A0: 05 D6 E2 01 09 B2 4C E3   DE DB 3E A5 5D 1A 5B 44  ......L...>.].[D
00B0: 25 1A FA C5 64 9D E5 57   D9 22 CC 4D D0 23 C4 FC  %...d..W.".M.#..
00C0: 7F 42 79 52 AB AA F0 BC   CA A1 65 20 FD CB FB 59  .ByR......e ...Y
00D0: 4A B5 14 52 97 6D 60 FE   EA 55 61 0F 8A 83 EE 7C  J..R.m`..Ua.....
00E0: A8 B0 3D 63 42 4C 5E BF   FF EB 91 02 81 A9 AC 0A  ..=cBL^.........
00F0: 6B CB 5C 0F 88 F9 4E 32   F0 AC 5D 6C 5A 1B DD FD  k.\...N2..]lZ...

]
javax Cert length 2
javaxCerts CN=www.cdot1.com, OU=IT, O=CDOT, ST=DELHI, C=IN issuer CN=subca1, OU=IT, O=CDOT, ST=DELHI, C=IN
javaxCerts CN=subca1, OU=IT, O=CDOT, ST=DELHI, C=IN issuer CN=CA ROOT, OU=IT, O=CDOT, ST=DELHI, C=IN
Session class: class sun.security.ssl.SSLSessionImpl
   Cipher suite = TLS_ECDHE_RSA_WITH_AES_256_CBC_SHA384
   Protocol = TLSv1.2
   PeerPrincipal = CN=www.cdot1.com,OU=IT,O=CDOT,ST=DELHI,C=IN
***************************************************End printSocketInfo******************************************************************
Secure handshake Started
HTTP Request Strucutre ***********
POST https://192.168.126.3:9090/R0 HTTP/1.1httpurirequest tostring() POST https://192.168.126.3:9090/R0 HTTP/1.1
Accept: application/vnd.onem2m-res+json
Content-Type: application/vnd.onem2m-res+json;ty=2
X-M2M-Origin: S011
X-M2M-RI: ade3a18a-fdfa-499e-9ee8-fdfc59e5c0fb
X-M2M-OT: 20200214T101932
X-M2M-RST: 20200214T102432
X-M2M-RET: 20200214T102432
X-M2M-OET: 20200214T102432
X-M2M-EC: 200
X-M2M-RVI: 2a
ContentLength: 254
POST > [Content-Length: 254,Chunked: false]
POST > class org.apache.http.entity.ByteArrayEntity
POST > Content Begins
START: ***********httpToOneM2MResponse:************

HTTP RESPONSE:HTTP/1.1 201 CREATEDContent-Location: S011 [Content-Type: application/vnd.onem2m-res+json, X-M2M-RI: ade3a18a-fdfa-499e-9ee8-fdfc59e5c0fb, X-M2M-RSC: 2001, X-M2M-RVI: 2a, Content-Length: 451] [Content-Type: application/vnd.onem2m-res+json,Content-Length: 451,Chunked: false]
Http Response content: [Content-Type: application/vnd.onem2m-res+json,Content-Length: 451,Chunked: false]
XM2MRsc: X-M2M-RSC: 2001


-----------------CLIENT DESERIALIZING RESPONSE------------------------------


HttpEntity.getContent: org.apache.http.impl.io.ContentLengthInputStream@547925a5
[EL Warning]: 2020-02-14 10:19:33.924--Ignoring attribute [desiredIdentifierResultType] on class [RequestPrimitive] as no Property was generated for it.
[EL Warning]: 2020-02-14 10:19:33.924--Ignoring attribute [responseStatusCode] on class [RequestPrimitive] as no Property was generated for it.
[EL Warning]: 2020-02-14 10:19:33.924--Ignoring attribute [assignedTokenIdentifiers] on class [RequestPrimitive] as no Property was generated for it.
[EL Warning]: 2020-02-14 10:19:33.924--Ignoring attribute [contentStatus] on class [RequestPrimitive] as no Property was generated for it.
[EL Warning]: 2020-02-14 10:19:33.924--Ignoring attribute [contentOffset] on class [RequestPrimitive] as no Property was generated for it.
[EL Warning]: 2020-02-14 10:19:33.924--Ignoring attribute [authorSignReqInfo] on class [RequestPrimitive] as no Property was generated for it.
[EL Warning]: 2020-02-14 10:19:33.924--Ignoring attribute [null] on class [AuthenticationProfile] as no Property was generated for it.
HttpEntity
 Payload String{
   "m2m:ae" : {
      "rn" : "ae2014",
      "ty" : 2,
      "ri" : "S011",
      "pi" : "R0",
      "ct" : "20200214T102053",
      "lt" : "20200214T102053",
      "lbl" : [ "TemporaryLabel" ],
      "et" : "20200314T102053",
      "apn" : "TestAppName",
      "api" : "ra1.cdot.in.CDOTApps-xyzz",
      "aei" : "S011",
      "poa" : [ "http://IP:PORT" ],
      "nl" : "KuchTohGadbadHaiDaya",
      "rr" : "true",
      "srv" : [ "2a", "3" ]
   }
}
CLASS DESERIALIZED: class cdot.onem2m.resource.xsd.AE
*******SET CONTENT*********
END: ***********httpToOneM2MResponse:************

From SEND-REQUEST:  R-IDade3a18a-fdfa-499e-9ee8-fdfc59e5c0fb
M2M RESPONSE STATUS CODE: 2001

Response content: cdot.onem2m.resource.xsd.AE@2d960af0[resourceType=2, resourceID=S011, parentID=R0, creationTime=20200214T102053, lastModifiedTime=20200214T102053, labels={TemporaryLabel}, resourceName=ae2014, accessControlPolicyIDs=<null>(default), expirationTime=20200314T102053, dynamicAuthorizationConsultationIDs=<null>(default), announceTo=<null>(default), announcedAttribute=<null>(default), appName=TestAppName, appID=ra1.cdot.in.CDOTApps-xyzz, aeid=S011, pointOfAccess={http://IP:PORT}, ontologyRef=<null>(default), nodeLink=KuchTohGadbadHaiDaya, requestReachability=true, contentSerialization=<null>(default), e2ESecInfo=<null>(default), m2MExtID=<null>(default), supportedReleaseVersions={2a,3}, registrationStatus=<null>(default), trackRegistrationPoints=<null>(default), sessionCapabilities=<null>(default), triggerEnable=<null>(default), activityPatternElements=<null>(default), childResource=<null>(default), container=<null>(default), group=<null>(default), accessControlPolicy=<null>(default), subscription=<null>(default), pollingChannel=<null>(default), schedule=<null>(default), semanticDescriptor=<null>(default), timeSeries=<null>(default), sgFlexContainerResource=<null>(default), semanticMashupInstance=<null>(default), multimediaSession=<null>(default), crossResourceSubscription=<null>(default), triggerRequest=<null>(default), transactionMgmt=<null>(default), transaction=<null>(default)]
Response content classclass cdot.onem2m.resource.xsd.AE
[RestHttpsCertificateBasedClient] Inside RestHttpsCertificateBasedClient
REST HTTP CERTIFICATE BASED CLIENT
[EL Warning]: 2020-02-14 10:19:34.094--Ignoring attribute [desiredIdentifierResultType] on class [RequestPrimitive] as no Property was generated for it.
[EL Warning]: 2020-02-14 10:19:34.094--Ignoring attribute [responseStatusCode] on class [RequestPrimitive] as no Property was generated for it.
[EL Warning]: 2020-02-14 10:19:34.094--Ignoring attribute [assignedTokenIdentifiers] on class [RequestPrimitive] as no Property was generated for it.
[EL Warning]: 2020-02-14 10:19:34.094--Ignoring attribute [contentStatus] on class [RequestPrimitive] as no Property was generated for it.
[EL Warning]: 2020-02-14 10:19:34.094--Ignoring attribute [contentOffset] on class [RequestPrimitive] as no Property was generated for it.
[EL Warning]: 2020-02-14 10:19:34.094--Ignoring attribute [authorSignReqInfo] on class [RequestPrimitive] as no Property was generated for it.
[EL Warning]: 2020-02-14 10:19:34.095--Ignoring attribute [null] on class [AuthenticationProfile] as no Property was generated for it.
OPERATION: 1
START:  ***********oneM2MToHttpRequest:************

[EL Warning]: 2020-02-14 10:19:34.248--Ignoring attribute [desiredIdentifierResultType] on class [RequestPrimitive] as no Property was generated for it.
[EL Warning]: 2020-02-14 10:19:34.248--Ignoring attribute [responseStatusCode] on class [RequestPrimitive] as no Property was generated for it.
[EL Warning]: 2020-02-14 10:19:34.249--Ignoring attribute [assignedTokenIdentifiers] on class [RequestPrimitive] as no Property was generated for it.
[EL Warning]: 2020-02-14 10:19:34.249--Ignoring attribute [contentStatus] on class [RequestPrimitive] as no Property was generated for it.
[EL Warning]: 2020-02-14 10:19:34.249--Ignoring attribute [contentOffset] on class [RequestPrimitive] as no Property was generated for it.
[EL Warning]: 2020-02-14 10:19:34.249--Ignoring attribute [authorSignReqInfo] on class [RequestPrimitive] as no Property was generated for it.
[EL Warning]: 2020-02-14 10:19:34.249--Ignoring attribute [null] on class [AuthenticationProfile] as no Property was generated for it.


-----------------CLIENT SERIALIZING REQUEST------------------------------


******PAYLOADcdot.onem2m.resource.xsd.Container@3510a0f4[resourceType=<null>(default), resourceID=<null>(default), parentID=<null>(default), creationTime=<null>(default), lastModifiedTime=<null>(default), labels={CONT-0.339894553781111}, resourceName=<null>(default), accessControlPolicyIDs=<null>(default), expirationTime=<null>(default), dynamicAuthorizationConsultationIDs=<null>(default), announceTo=<null>(default), announcedAttribute=<null>(default), stateTag=<null>(default), creator=<null>(default), maxNrOfInstances=<null>(default), maxByteSize=<null>(default), maxInstanceAge=<null>(default), currentNrOfInstances=<null>(default), currentByteSize=<null>(default), locationID=<null>(default), ontologyRef=<null>(default), disableRetrieval=<null>(default), childResource=<null>(default), contentInstance=<null>(default), container=<null>(default), subscription=<null>(default), semanticDescriptor=<null>(default), sgFlexContainerResource=<null>(default), timeSeries=<null>(default), transaction=<null>(default)]
[JAXBDataMapper]Element name: {http://www.onem2m.org/xml/protocols}m2m:cnt

CONVERTED CONTENT: 
{
   "m2m:cnt" : {
      "lbl" : [ "CONT-0.339894553781111" ]
   }
}
ENTITY[Content-Length: 68,Chunked: false]
CONTENT TYPE: Content-Type: application/vnd.onem2m-res+json;ty=3
ACCEPT: Accept: application/vnd.onem2m-res+json
TO: /S011
URL: POST https://192.168.126.3:9090/S011?rcn=9 HTTP/1.1
XM2M-RI: 9d662e1d-d887-43a3-9d67-480f9fa6e274Request Expr time: 20200214T102434
END:  ***********oneM2MToHttpRequest:************

In MyX509ExtendedTrustManager java.security.KeyStore@7ce00e06
TMS 0 sun.security.ssl.X509TrustManagerImpl@7396e147
[RestHttpsCertificateBasedClient] saefIpAddress :: 192.168.126.3
[RestHttpsCertificateBasedClient] saefPort :: 9090
***************************************************In printSocketInfo******************************************************************
Enabled Ciphersuites TLS_ECDHE_ECDSA_WITH_AES_256_CBC_SHA384
Enabled Ciphersuites TLS_ECDHE_RSA_WITH_AES_256_CBC_SHA384
Enabled Ciphersuites TLS_RSA_WITH_AES_256_CBC_SHA256
Enabled Ciphersuites TLS_ECDH_ECDSA_WITH_AES_256_CBC_SHA384
Enabled Ciphersuites TLS_ECDH_RSA_WITH_AES_256_CBC_SHA384
Enabled Ciphersuites TLS_DHE_RSA_WITH_AES_256_CBC_SHA256
Enabled Ciphersuites TLS_DHE_DSS_WITH_AES_256_CBC_SHA256
Enabled Ciphersuites TLS_ECDHE_ECDSA_WITH_AES_256_CBC_SHA
Enabled Ciphersuites TLS_ECDHE_RSA_WITH_AES_256_CBC_SHA
Enabled Ciphersuites TLS_RSA_WITH_AES_256_CBC_SHA
Enabled Ciphersuites TLS_ECDH_ECDSA_WITH_AES_256_CBC_SHA
Enabled Ciphersuites TLS_ECDH_RSA_WITH_AES_256_CBC_SHA
Enabled Ciphersuites TLS_DHE_RSA_WITH_AES_256_CBC_SHA
Enabled Ciphersuites TLS_DHE_DSS_WITH_AES_256_CBC_SHA
Enabled Ciphersuites TLS_ECDHE_ECDSA_WITH_AES_128_CBC_SHA256
Enabled Ciphersuites TLS_ECDHE_RSA_WITH_AES_128_CBC_SHA256
Enabled Ciphersuites TLS_RSA_WITH_AES_128_CBC_SHA256
Enabled Ciphersuites TLS_ECDH_ECDSA_WITH_AES_128_CBC_SHA256
Enabled Ciphersuites TLS_ECDH_RSA_WITH_AES_128_CBC_SHA256
Enabled Ciphersuites TLS_DHE_RSA_WITH_AES_128_CBC_SHA256
Enabled Ciphersuites TLS_DHE_DSS_WITH_AES_128_CBC_SHA256
Enabled Ciphersuites TLS_ECDHE_ECDSA_WITH_AES_128_CBC_SHA
Enabled Ciphersuites TLS_ECDHE_RSA_WITH_AES_128_CBC_SHA
Enabled Ciphersuites TLS_RSA_WITH_AES_128_CBC_SHA
Enabled Ciphersuites TLS_ECDH_ECDSA_WITH_AES_128_CBC_SHA
Enabled Ciphersuites TLS_ECDH_RSA_WITH_AES_128_CBC_SHA
Enabled Ciphersuites TLS_DHE_RSA_WITH_AES_128_CBC_SHA
Enabled Ciphersuites TLS_DHE_DSS_WITH_AES_128_CBC_SHA
Enabled Ciphersuites TLS_ECDHE_ECDSA_WITH_AES_256_GCM_SHA384
Enabled Ciphersuites TLS_ECDHE_ECDSA_WITH_AES_128_GCM_SHA256
Enabled Ciphersuites TLS_ECDHE_RSA_WITH_AES_256_GCM_SHA384
Enabled Ciphersuites TLS_RSA_WITH_AES_256_GCM_SHA384
Enabled Ciphersuites TLS_ECDH_ECDSA_WITH_AES_256_GCM_SHA384
Enabled Ciphersuites TLS_ECDH_RSA_WITH_AES_256_GCM_SHA384
Enabled Ciphersuites TLS_DHE_RSA_WITH_AES_256_GCM_SHA384
Enabled Ciphersuites TLS_DHE_DSS_WITH_AES_256_GCM_SHA384
Enabled Ciphersuites TLS_ECDHE_RSA_WITH_AES_128_GCM_SHA256
Enabled Ciphersuites TLS_RSA_WITH_AES_128_GCM_SHA256
Enabled Ciphersuites TLS_ECDH_ECDSA_WITH_AES_128_GCM_SHA256
Enabled Ciphersuites TLS_ECDH_RSA_WITH_AES_128_GCM_SHA256
Enabled Ciphersuites TLS_DHE_RSA_WITH_AES_128_GCM_SHA256
Enabled Ciphersuites TLS_DHE_DSS_WITH_AES_128_GCM_SHA256
Enabled Ciphersuites TLS_EMPTY_RENEGOTIATION_INFO_SCSV
Supported protocols: [SSLv2Hello, SSLv3, TLSv1, TLSv1.1, TLSv1.2]
Enabled protocols: [TLSv1, TLSv1.1, TLSv1.2]
Socket class: class sun.security.ssl.SSLSocketImpl
   Remote address = /192.168.126.3
   Remote port = 9090
   Local socket address = /192.168.105.196:40472
   Local address = /192.168.105.196
   Local port = 40472
   Need client authentication = false
   Want client authentication = false
   Use client mode = true
getsession cert [Ljava.security.cert.X509Certificate;@5477ce6a chain [Ljavax.security.cert.X509Certificate;@281b7adc host 192.168.126.3 int host 9090 principal CN=www.cdot1.com, OU=IT, O=CDOT, ST=DELHI, C=IN
Cert length 2
cert [
[
  Version: V3
  Subject: CN=www.cdot1.com, OU=IT, O=CDOT, ST=DELHI, C=IN
  Signature Algorithm: SHA256withRSA, OID = 1.2.840.113549.1.1.11

  Key:  Sun RSA public key, 2048 bits
  modulus: 29004517019861970090249101516661648002894508855361257127144308604493070880898240006625013690565773004742781432158070630900710385263392929926135814414167666189107549830611813748725096283445487209824969178317312069598648222174604320556916887110211402743395536426987381812546414679063000197914052855660875276320635566960228678906206413028088270323047900446079763662007667324264498598511459028555046846798859146535392628878444072179957534172630438883550885582907570634094459105473142810120294265847658484306881915672971023805969932400835602622239464522304160717043041486337435228498274377315173616599166026097454977849281
  public exponent: 65537
  Validity: [From: Thu Sep 21 11:38:29 IST 2017,
               To: Sat Aug 15 11:38:29 IST 2020]
  Issuer: CN=subca1, OU=IT, O=CDOT, ST=DELHI, C=IN
  SerialNumber: [    8e225f53 b2975e76]

Certificate Extensions: 5
[1]: ObjectId: 2.16.840.1.113730.1.13 Criticality=false
Extension unknown: DER encoded OCTET string =
0000: 04 1F 16 1D 4F 70 65 6E   53 53 4C 20 47 65 6E 65  ....OpenSSL Gene
0010: 72 61 74 65 64 20 43 65   72 74 69 66 69 63 61 74  rated Certificat
0020: 65                                                 e


[2]: ObjectId: 2.5.29.35 Criticality=false
AuthorityKeyIdentifier [
KeyIdentifier [
0000: D2 63 6D 93 21 2A DD 5A   2E 6C 4D 10 26 BB DB 1A  .cm.!*.Z.lM.&...
0010: 16 92 51 AE                                        ..Q.
]
]

[3]: ObjectId: 2.5.29.19 Criticality=false
BasicConstraints:[
  CA:false
  PathLen: undefined
]

[4]: ObjectId: 2.5.29.17 Criticality=false
SubjectAlternativeName [
  DNSName: //www.cdot1.com
]

[5]: ObjectId: 2.5.29.14 Criticality=false
SubjectKeyIdentifier [
KeyIdentifier [
0000: 44 D1 A3 43 AA 26 F3 81   1D A8 57 31 76 02 B8 CB  D..C.&....W1v...
0010: 78 2A 7F 4C                                        x*.L
]
]

]
  Algorithm: [SHA256withRSA]
  Signature:
0000: 20 6B FF 4B B5 91 6D D7   A7 16 AF 56 4B 5B D9 D6   k.K..m....VK[..
0010: BE 04 95 75 AA 44 CC 53   27 DB DF F2 FA CD 1D 49  ...u.D.S'......I
0020: 8C 5F 96 AA F1 B5 F6 3C   D3 58 23 14 94 43 36 34  ._.....<.X#..C64
0030: 06 78 F0 47 10 E6 89 7E   0A 21 41 23 B1 C4 4E 02  .x.G.....!A#..N.
0040: 51 5E 75 C6 90 11 D5 4E   12 4A 29 40 C5 28 C3 31  Q^u....N.J)@.(.1
0050: 98 EA 43 71 9A 03 1B FD   AA C8 A7 8D C4 46 57 A0  ..Cq.........FW.
0060: C9 5B 2B D3 40 33 1E 0F   32 7B 63 56 71 DB B5 24  .[+.@3..2.cVq..$
0070: D0 E2 65 80 A9 B3 D2 01   E5 BD 06 85 F0 43 0C 4C  ..e..........C.L
0080: A8 84 FF 17 ED 26 63 F9   93 9B E3 6A 72 DA CB CB  .....&c....jr...
0090: 82 DE 24 1F 6B 37 6D 48   28 66 AD 8F 44 CA C6 AF  ..$.k7mH(f..D...
00A0: 21 EF E7 75 C3 BA F8 E9   AB 85 AE A9 8B EB 13 5D  !..u...........]
00B0: B9 9E 0D DB 18 FA BD D2   2B 13 D7 1B F1 BB 3A 07  ........+.....:.
00C0: 2B 2A 1E EA 10 99 84 A1   33 3E 11 14 8B 8B 9D AE  +*......3>......
00D0: 7F 5B 79 30 83 E2 9B 02   03 48 5C B7 3D 39 FB E5  .[y0.....H\.=9..
00E0: 2F F0 50 6E 13 21 37 79   DD A4 50 C7 06 65 71 B5  /.Pn.!7y..P..eq.
00F0: 3B 62 CE 61 10 D1 6D A6   6A A3 B7 95 25 53 18 C1  ;b.a..m.j...%S..

]
cert [
[
  Version: V3
  Subject: CN=subca1, OU=IT, O=CDOT, ST=DELHI, C=IN
  Signature Algorithm: SHA256withRSA, OID = 1.2.840.113549.1.1.11

  Key:  Sun RSA public key, 2048 bits
  modulus: 22459088573830172065138623946452075332484366282745162692509726313226519891309164111511110363852934862051207741500401493382991627703437472637634599833067960375791423692984767918062222812927419701966974532089073338703910051032950853797509200402164030458119017533268092365924307307085149200336473705378297647423575325895503749050236106621992064735898600004791035678681738321183275445986940808163844707059500468660037049520100497673107900254686995664972417850590702807315721998845831542192645807480569169068076774380267450322345578202742396677417433901702151242189123979374977218011419701197126577268149214149312724872307
  public exponent: 65537
  Validity: [From: Thu Sep 21 11:15:38 IST 2017,
               To: Sat Aug 15 11:15:38 IST 2020]
  Issuer: CN=CA ROOT, OU=IT, O=CDOT, ST=DELHI, C=IN
  SerialNumber: [    8e225f53 b2975e75]

Certificate Extensions: 5
[1]: ObjectId: 2.16.840.1.113730.1.13 Criticality=false
Extension unknown: DER encoded OCTET string =
0000: 04 1F 16 1D 4F 70 65 6E   53 53 4C 20 47 65 6E 65  ....OpenSSL Gene
0010: 72 61 74 65 64 20 43 65   72 74 69 66 69 63 61 74  rated Certificat
0020: 65                                                 e


[2]: ObjectId: 2.5.29.35 Criticality=false
AuthorityKeyIdentifier [
KeyIdentifier [
0000: 46 E7 4B 1F 06 3C 22 43   10 AF 7E 8E C8 45 02 7C  F.K..<"C.....E..
0010: FE A3 13 9D                                        ....
]
]

[3]: ObjectId: 2.5.29.19 Criticality=false
BasicConstraints:[
  CA:true
  PathLen:2147483647
]

[4]: ObjectId: 2.5.29.15 Criticality=false
KeyUsage [
  Key_CertSign
  Crl_Sign
]

[5]: ObjectId: 2.5.29.14 Criticality=false
SubjectKeyIdentifier [
KeyIdentifier [
0000: D2 63 6D 93 21 2A DD 5A   2E 6C 4D 10 26 BB DB 1A  .cm.!*.Z.lM.&...
0010: 16 92 51 AE                                        ..Q.
]
]

]
  Algorithm: [SHA256withRSA]
  Signature:
0000: 9D BD F0 2A AB 34 E1 9F   46 95 9C 23 7F A1 68 A7  ...*.4..F..#..h.
0010: 68 8E CB 51 59 1C A7 CC   85 2A 9E 4A FF F5 80 C4  h..QY....*.J....
0020: 63 44 3E D2 3F B3 B2 E6   0F C8 E2 6E B6 C5 46 93  cD>.?......n..F.
0030: BB 65 61 30 87 44 94 10   14 10 3F 2A 72 23 EB 42  .ea0.D....?*r#.B
0040: F0 EC 1F AC 86 7F 95 CD   35 3A 66 B8 61 CF 97 37  ........5:f.a..7
0050: 44 C6 B7 F4 C1 D2 8D 1A   44 1B 85 BA 86 A7 2C 01  D.......D.....,.
0060: 2C 41 07 6C 85 73 C8 DC   AC A5 28 E4 04 C3 BA 18  ,A.l.s....(.....
0070: 6B AF 78 A6 D4 EE 33 9F   B0 45 EF CE 4C E5 74 99  k.x...3..E..L.t.
0080: 08 A5 BF 00 E2 BA C8 F7   3D AC 6C B5 FD 7C CA 23  ........=.l....#
0090: FF EC DD DC 7E 17 78 AB   71 D0 C7 39 34 94 59 A2  ......x.q..94.Y.
00A0: 05 D6 E2 01 09 B2 4C E3   DE DB 3E A5 5D 1A 5B 44  ......L...>.].[D
00B0: 25 1A FA C5 64 9D E5 57   D9 22 CC 4D D0 23 C4 FC  %...d..W.".M.#..
00C0: 7F 42 79 52 AB AA F0 BC   CA A1 65 20 FD CB FB 59  .ByR......e ...Y
00D0: 4A B5 14 52 97 6D 60 FE   EA 55 61 0F 8A 83 EE 7C  J..R.m`..Ua.....
00E0: A8 B0 3D 63 42 4C 5E BF   FF EB 91 02 81 A9 AC 0A  ..=cBL^.........
00F0: 6B CB 5C 0F 88 F9 4E 32   F0 AC 5D 6C 5A 1B DD FD  k.\...N2..]lZ...

]
javax Cert length 2
javaxCerts CN=www.cdot1.com, OU=IT, O=CDOT, ST=DELHI, C=IN issuer CN=subca1, OU=IT, O=CDOT, ST=DELHI, C=IN
javaxCerts CN=subca1, OU=IT, O=CDOT, ST=DELHI, C=IN issuer CN=CA ROOT, OU=IT, O=CDOT, ST=DELHI, C=IN
Session class: class sun.security.ssl.SSLSessionImpl
   Cipher suite = TLS_ECDHE_RSA_WITH_AES_256_CBC_SHA384
   Protocol = TLSv1.2
   PeerPrincipal = CN=www.cdot1.com,OU=IT,O=CDOT,ST=DELHI,C=IN
***************************************************End printSocketInfo******************************************************************
Secure handshake Started
HTTP Request Strucutre ***********
POST https://192.168.126.3:9090/S011?rcn=9 HTTP/1.1httpurirequest tostring() POST https://192.168.126.3:9090/S011?rcn=9 HTTP/1.1
Accept: application/vnd.onem2m-res+json
Content-Type: application/vnd.onem2m-res+json;ty=3
X-M2M-Origin: S011
X-M2M-RI: 9d662e1d-d887-43a3-9d67-480f9fa6e274
X-M2M-OT: 20200214T101934
X-M2M-RST: 20200214T102434
X-M2M-RET: 20200214T102434
X-M2M-OET: 20200214T102434
X-M2M-EC: 200
X-M2M-RVI: 2a
ContentLength: 68
POST > [Content-Length: 68,Chunked: false]
POST > class org.apache.http.entity.ByteArrayEntity
POST > Content Begins
START: ***********httpToOneM2MResponse:************

HTTP RESPONSE:HTTP/1.1 201 CREATEDContent-Location: R1211 [Content-Type: application/vnd.onem2m-res+json, X-M2M-RI: 9d662e1d-d887-43a3-9d67-480f9fa6e274, X-M2M-RSC: 2001, X-M2M-RVI: 2a, Content-Length: 305] [Content-Type: application/vnd.onem2m-res+json,Content-Length: 305,Chunked: false]
Http Response content: [Content-Type: application/vnd.onem2m-res+json,Content-Length: 305,Chunked: false]
XM2MRsc: X-M2M-RSC: 2001


-----------------CLIENT DESERIALIZING RESPONSE------------------------------


HttpEntity.getContent: org.apache.http.impl.io.ContentLengthInputStream@6cc33a41
[EL Warning]: 2020-02-14 10:19:35.074--Ignoring attribute [desiredIdentifierResultType] on class [RequestPrimitive] as no Property was generated for it.
[EL Warning]: 2020-02-14 10:19:35.074--Ignoring attribute [responseStatusCode] on class [RequestPrimitive] as no Property was generated for it.
[EL Warning]: 2020-02-14 10:19:35.074--Ignoring attribute [assignedTokenIdentifiers] on class [RequestPrimitive] as no Property was generated for it.
[EL Warning]: 2020-02-14 10:19:35.074--Ignoring attribute [contentStatus] on class [RequestPrimitive] as no Property was generated for it.
[EL Warning]: 2020-02-14 10:19:35.074--Ignoring attribute [contentOffset] on class [RequestPrimitive] as no Property was generated for it.
[EL Warning]: 2020-02-14 10:19:35.074--Ignoring attribute [authorSignReqInfo] on class [RequestPrimitive] as no Property was generated for it.
[EL Warning]: 2020-02-14 10:19:35.075--Ignoring attribute [null] on class [AuthenticationProfile] as no Property was generated for it.
HttpEntity
 Payload String{
   "m2m:cnt" : {
      "rn" : "cnt2015",
      "ty" : 3,
      "ri" : "R1211",
      "pi" : "S011",
      "ct" : "20200214T102055",
      "lt" : "20200214T102055",
      "st" : 0,
      "cr" : "S011",
      "mni" : 20,
      "mbs" : 1048576,
      "mia" : 864000,
      "cni" : 0,
      "cbs" : 0
   }
}
CLASS DESERIALIZED: class cdot.onem2m.resource.xsd.Container
*******SET CONTENT*********
END: ***********httpToOneM2MResponse:************

From SEND-REQUEST:  R-ID9d662e1d-d887-43a3-9d67-480f9fa6e274
M2M RESPONSE STATUS CODE: 2001

Response content: cdot.onem2m.resource.xsd.Container@6fc054eb[resourceType=3, resourceID=R1211, parentID=S011, creationTime=20200214T102055, lastModifiedTime=20200214T102055, labels=<null>(default), resourceName=cnt2015, accessControlPolicyIDs=<null>(default), expirationTime=<null>(default), dynamicAuthorizationConsultationIDs=<null>(default), announceTo=<null>(default), announcedAttribute=<null>(default), stateTag=0, creator=S011, maxNrOfInstances=20, maxByteSize=1048576, maxInstanceAge=864000, currentNrOfInstances=0, currentByteSize=0, locationID=<null>(default), ontologyRef=<null>(default), disableRetrieval=<null>(default), childResource=<null>(default), contentInstance=<null>(default), container=<null>(default), subscription=<null>(default), semanticDescriptor=<null>(default), sgFlexContainerResource=<null>(default), timeSeries=<null>(default), transaction=<null>(default)]
Response content classclass cdot.onem2m.resource.xsd.Container
[RestHttpsCertificateBasedClient] Inside RestHttpsCertificateBasedClient
REST HTTP CERTIFICATE BASED CLIENT
[EL Warning]: 2020-02-14 10:19:35.23--Ignoring attribute [desiredIdentifierResultType] on class [RequestPrimitive] as no Property was generated for it.
[EL Warning]: 2020-02-14 10:19:35.23--Ignoring attribute [responseStatusCode] on class [RequestPrimitive] as no Property was generated for it.
[EL Warning]: 2020-02-14 10:19:35.23--Ignoring attribute [assignedTokenIdentifiers] on class [RequestPrimitive] as no Property was generated for it.
[EL Warning]: 2020-02-14 10:19:35.23--Ignoring attribute [contentStatus] on class [RequestPrimitive] as no Property was generated for it.
[EL Warning]: 2020-02-14 10:19:35.23--Ignoring attribute [contentOffset] on class [RequestPrimitive] as no Property was generated for it.
[EL Warning]: 2020-02-14 10:19:35.23--Ignoring attribute [authorSignReqInfo] on class [RequestPrimitive] as no Property was generated for it.
[EL Warning]: 2020-02-14 10:19:35.23--Ignoring attribute [null] on class [AuthenticationProfile] as no Property was generated for it.
OPERATION: 4
START:  ***********oneM2MToHttpRequest:************

[EL Warning]: 2020-02-14 10:19:35.509--Ignoring attribute [desiredIdentifierResultType] on class [RequestPrimitive] as no Property was generated for it.
[EL Warning]: 2020-02-14 10:19:35.509--Ignoring attribute [responseStatusCode] on class [RequestPrimitive] as no Property was generated for it.
[EL Warning]: 2020-02-14 10:19:35.509--Ignoring attribute [assignedTokenIdentifiers] on class [RequestPrimitive] as no Property was generated for it.
[EL Warning]: 2020-02-14 10:19:35.509--Ignoring attribute [contentStatus] on class [RequestPrimitive] as no Property was generated for it.
[EL Warning]: 2020-02-14 10:19:35.509--Ignoring attribute [contentOffset] on class [RequestPrimitive] as no Property was generated for it.
[EL Warning]: 2020-02-14 10:19:35.509--Ignoring attribute [authorSignReqInfo] on class [RequestPrimitive] as no Property was generated for it.
[EL Warning]: 2020-02-14 10:19:35.509--Ignoring attribute [null] on class [AuthenticationProfile] as no Property was generated for it.


-----------------CLIENT SERIALIZING REQUEST------------------------------


TO: /R1211
URL: DELETE https://192.168.126.3:9090/R1211?rcn=4 HTTP/1.1
XM2M-RI: dab48ca4-c9e5-49dc-99d0-090dc3d1e9ddRequest Expr time: 20200214T102435
END:  ***********oneM2MToHttpRequest:************

In MyX509ExtendedTrustManager java.security.KeyStore@6e46eb9c
TMS 0 sun.security.ssl.X509TrustManagerImpl@7bfd78be
[RestHttpsCertificateBasedClient] saefIpAddress :: 192.168.126.3
[RestHttpsCertificateBasedClient] saefPort :: 9090
***************************************************In printSocketInfo******************************************************************
Enabled Ciphersuites TLS_ECDHE_ECDSA_WITH_AES_256_CBC_SHA384
Enabled Ciphersuites TLS_ECDHE_RSA_WITH_AES_256_CBC_SHA384
Enabled Ciphersuites TLS_RSA_WITH_AES_256_CBC_SHA256
Enabled Ciphersuites TLS_ECDH_ECDSA_WITH_AES_256_CBC_SHA384
Enabled Ciphersuites TLS_ECDH_RSA_WITH_AES_256_CBC_SHA384
Enabled Ciphersuites TLS_DHE_RSA_WITH_AES_256_CBC_SHA256
Enabled Ciphersuites TLS_DHE_DSS_WITH_AES_256_CBC_SHA256
Enabled Ciphersuites TLS_ECDHE_ECDSA_WITH_AES_256_CBC_SHA
Enabled Ciphersuites TLS_ECDHE_RSA_WITH_AES_256_CBC_SHA
Enabled Ciphersuites TLS_RSA_WITH_AES_256_CBC_SHA
Enabled Ciphersuites TLS_ECDH_ECDSA_WITH_AES_256_CBC_SHA
Enabled Ciphersuites TLS_ECDH_RSA_WITH_AES_256_CBC_SHA
Enabled Ciphersuites TLS_DHE_RSA_WITH_AES_256_CBC_SHA
Enabled Ciphersuites TLS_DHE_DSS_WITH_AES_256_CBC_SHA
Enabled Ciphersuites TLS_ECDHE_ECDSA_WITH_AES_128_CBC_SHA256
Enabled Ciphersuites TLS_ECDHE_RSA_WITH_AES_128_CBC_SHA256
Enabled Ciphersuites TLS_RSA_WITH_AES_128_CBC_SHA256
Enabled Ciphersuites TLS_ECDH_ECDSA_WITH_AES_128_CBC_SHA256
Enabled Ciphersuites TLS_ECDH_RSA_WITH_AES_128_CBC_SHA256
Enabled Ciphersuites TLS_DHE_RSA_WITH_AES_128_CBC_SHA256
Enabled Ciphersuites TLS_DHE_DSS_WITH_AES_128_CBC_SHA256
Enabled Ciphersuites TLS_ECDHE_ECDSA_WITH_AES_128_CBC_SHA
Enabled Ciphersuites TLS_ECDHE_RSA_WITH_AES_128_CBC_SHA
Enabled Ciphersuites TLS_RSA_WITH_AES_128_CBC_SHA
Enabled Ciphersuites TLS_ECDH_ECDSA_WITH_AES_128_CBC_SHA
Enabled Ciphersuites TLS_ECDH_RSA_WITH_AES_128_CBC_SHA
Enabled Ciphersuites TLS_DHE_RSA_WITH_AES_128_CBC_SHA
Enabled Ciphersuites TLS_DHE_DSS_WITH_AES_128_CBC_SHA
Enabled Ciphersuites TLS_ECDHE_ECDSA_WITH_AES_256_GCM_SHA384
Enabled Ciphersuites TLS_ECDHE_ECDSA_WITH_AES_128_GCM_SHA256
Enabled Ciphersuites TLS_ECDHE_RSA_WITH_AES_256_GCM_SHA384
Enabled Ciphersuites TLS_RSA_WITH_AES_256_GCM_SHA384
Enabled Ciphersuites TLS_ECDH_ECDSA_WITH_AES_256_GCM_SHA384
Enabled Ciphersuites TLS_ECDH_RSA_WITH_AES_256_GCM_SHA384
Enabled Ciphersuites TLS_DHE_RSA_WITH_AES_256_GCM_SHA384
Enabled Ciphersuites TLS_DHE_DSS_WITH_AES_256_GCM_SHA384
Enabled Ciphersuites TLS_ECDHE_RSA_WITH_AES_128_GCM_SHA256
Enabled Ciphersuites TLS_RSA_WITH_AES_128_GCM_SHA256
Enabled Ciphersuites TLS_ECDH_ECDSA_WITH_AES_128_GCM_SHA256
Enabled Ciphersuites TLS_ECDH_RSA_WITH_AES_128_GCM_SHA256
Enabled Ciphersuites TLS_DHE_RSA_WITH_AES_128_GCM_SHA256
Enabled Ciphersuites TLS_DHE_DSS_WITH_AES_128_GCM_SHA256
Enabled Ciphersuites TLS_EMPTY_RENEGOTIATION_INFO_SCSV
Supported protocols: [SSLv2Hello, SSLv3, TLSv1, TLSv1.1, TLSv1.2]
Enabled protocols: [TLSv1, TLSv1.1, TLSv1.2]
Socket class: class sun.security.ssl.SSLSocketImpl
   Remote address = /192.168.126.3
   Remote port = 9090
   Local socket address = /192.168.105.196:40474
   Local address = /192.168.105.196
   Local port = 40474
   Need client authentication = false
   Want client authentication = false
   Use client mode = true
getsession cert [Ljava.security.cert.X509Certificate;@1cc16e9c chain [Ljavax.security.cert.X509Certificate;@45826c93 host 192.168.126.3 int host 9090 principal CN=www.cdot1.com, OU=IT, O=CDOT, ST=DELHI, C=IN
Cert length 2
cert [
[
  Version: V3
  Subject: CN=www.cdot1.com, OU=IT, O=CDOT, ST=DELHI, C=IN
  Signature Algorithm: SHA256withRSA, OID = 1.2.840.113549.1.1.11

  Key:  Sun RSA public key, 2048 bits
  modulus: 29004517019861970090249101516661648002894508855361257127144308604493070880898240006625013690565773004742781432158070630900710385263392929926135814414167666189107549830611813748725096283445487209824969178317312069598648222174604320556916887110211402743395536426987381812546414679063000197914052855660875276320635566960228678906206413028088270323047900446079763662007667324264498598511459028555046846798859146535392628878444072179957534172630438883550885582907570634094459105473142810120294265847658484306881915672971023805969932400835602622239464522304160717043041486337435228498274377315173616599166026097454977849281
  public exponent: 65537
  Validity: [From: Thu Sep 21 11:38:29 IST 2017,
               To: Sat Aug 15 11:38:29 IST 2020]
  Issuer: CN=subca1, OU=IT, O=CDOT, ST=DELHI, C=IN
  SerialNumber: [    8e225f53 b2975e76]

Certificate Extensions: 5
[1]: ObjectId: 2.16.840.1.113730.1.13 Criticality=false
Extension unknown: DER encoded OCTET string =
0000: 04 1F 16 1D 4F 70 65 6E   53 53 4C 20 47 65 6E 65  ....OpenSSL Gene
0010: 72 61 74 65 64 20 43 65   72 74 69 66 69 63 61 74  rated Certificat
0020: 65                                                 e


[2]: ObjectId: 2.5.29.35 Criticality=false
AuthorityKeyIdentifier [
KeyIdentifier [
0000: D2 63 6D 93 21 2A DD 5A   2E 6C 4D 10 26 BB DB 1A  .cm.!*.Z.lM.&...
0010: 16 92 51 AE                                        ..Q.
]
]

[3]: ObjectId: 2.5.29.19 Criticality=false
BasicConstraints:[
  CA:false
  PathLen: undefined
]

[4]: ObjectId: 2.5.29.17 Criticality=false
SubjectAlternativeName [
  DNSName: //www.cdot1.com
]

[5]: ObjectId: 2.5.29.14 Criticality=false
SubjectKeyIdentifier [
KeyIdentifier [
0000: 44 D1 A3 43 AA 26 F3 81   1D A8 57 31 76 02 B8 CB  D..C.&....W1v...
0010: 78 2A 7F 4C                                        x*.L
]
]

]
  Algorithm: [SHA256withRSA]
  Signature:
0000: 20 6B FF 4B B5 91 6D D7   A7 16 AF 56 4B 5B D9 D6   k.K..m....VK[..
0010: BE 04 95 75 AA 44 CC 53   27 DB DF F2 FA CD 1D 49  ...u.D.S'......I
0020: 8C 5F 96 AA F1 B5 F6 3C   D3 58 23 14 94 43 36 34  ._.....<.X#..C64
0030: 06 78 F0 47 10 E6 89 7E   0A 21 41 23 B1 C4 4E 02  .x.G.....!A#..N.
0040: 51 5E 75 C6 90 11 D5 4E   12 4A 29 40 C5 28 C3 31  Q^u....N.J)@.(.1
0050: 98 EA 43 71 9A 03 1B FD   AA C8 A7 8D C4 46 57 A0  ..Cq.........FW.
0060: C9 5B 2B D3 40 33 1E 0F   32 7B 63 56 71 DB B5 24  .[+.@3..2.cVq..$
0070: D0 E2 65 80 A9 B3 D2 01   E5 BD 06 85 F0 43 0C 4C  ..e..........C.L
0080: A8 84 FF 17 ED 26 63 F9   93 9B E3 6A 72 DA CB CB  .....&c....jr...
0090: 82 DE 24 1F 6B 37 6D 48   28 66 AD 8F 44 CA C6 AF  ..$.k7mH(f..D...
00A0: 21 EF E7 75 C3 BA F8 E9   AB 85 AE A9 8B EB 13 5D  !..u...........]
00B0: B9 9E 0D DB 18 FA BD D2   2B 13 D7 1B F1 BB 3A 07  ........+.....:.
00C0: 2B 2A 1E EA 10 99 84 A1   33 3E 11 14 8B 8B 9D AE  +*......3>......
00D0: 7F 5B 79 30 83 E2 9B 02   03 48 5C B7 3D 39 FB E5  .[y0.....H\.=9..
00E0: 2F F0 50 6E 13 21 37 79   DD A4 50 C7 06 65 71 B5  /.Pn.!7y..P..eq.
00F0: 3B 62 CE 61 10 D1 6D A6   6A A3 B7 95 25 53 18 C1  ;b.a..m.j...%S..

]
cert [
[
  Version: V3
  Subject: CN=subca1, OU=IT, O=CDOT, ST=DELHI, C=IN
  Signature Algorithm: SHA256withRSA, OID = 1.2.840.113549.1.1.11

  Key:  Sun RSA public key, 2048 bits
  modulus: 22459088573830172065138623946452075332484366282745162692509726313226519891309164111511110363852934862051207741500401493382991627703437472637634599833067960375791423692984767918062222812927419701966974532089073338703910051032950853797509200402164030458119017533268092365924307307085149200336473705378297647423575325895503749050236106621992064735898600004791035678681738321183275445986940808163844707059500468660037049520100497673107900254686995664972417850590702807315721998845831542192645807480569169068076774380267450322345578202742396677417433901702151242189123979374977218011419701197126577268149214149312724872307
  public exponent: 65537
  Validity: [From: Thu Sep 21 11:15:38 IST 2017,
               To: Sat Aug 15 11:15:38 IST 2020]
  Issuer: CN=CA ROOT, OU=IT, O=CDOT, ST=DELHI, C=IN
  SerialNumber: [    8e225f53 b2975e75]

Certificate Extensions: 5
[1]: ObjectId: 2.16.840.1.113730.1.13 Criticality=false
Extension unknown: DER encoded OCTET string =
0000: 04 1F 16 1D 4F 70 65 6E   53 53 4C 20 47 65 6E 65  ....OpenSSL Gene
0010: 72 61 74 65 64 20 43 65   72 74 69 66 69 63 61 74  rated Certificat
0020: 65                                                 e


[2]: ObjectId: 2.5.29.35 Criticality=false
AuthorityKeyIdentifier [
KeyIdentifier [
0000: 46 E7 4B 1F 06 3C 22 43   10 AF 7E 8E C8 45 02 7C  F.K..<"C.....E..
0010: FE A3 13 9D                                        ....
]
]

[3]: ObjectId: 2.5.29.19 Criticality=false
BasicConstraints:[
  CA:true
  PathLen:2147483647
]

[4]: ObjectId: 2.5.29.15 Criticality=false
KeyUsage [
  Key_CertSign
  Crl_Sign
]

[5]: ObjectId: 2.5.29.14 Criticality=false
SubjectKeyIdentifier [
KeyIdentifier [
0000: D2 63 6D 93 21 2A DD 5A   2E 6C 4D 10 26 BB DB 1A  .cm.!*.Z.lM.&...
0010: 16 92 51 AE                                        ..Q.
]
]

]
  Algorithm: [SHA256withRSA]
  Signature:
0000: 9D BD F0 2A AB 34 E1 9F   46 95 9C 23 7F A1 68 A7  ...*.4..F..#..h.
0010: 68 8E CB 51 59 1C A7 CC   85 2A 9E 4A FF F5 80 C4  h..QY....*.J....
0020: 63 44 3E D2 3F B3 B2 E6   0F C8 E2 6E B6 C5 46 93  cD>.?......n..F.
0030: BB 65 61 30 87 44 94 10   14 10 3F 2A 72 23 EB 42  .ea0.D....?*r#.B
0040: F0 EC 1F AC 86 7F 95 CD   35 3A 66 B8 61 CF 97 37  ........5:f.a..7
0050: 44 C6 B7 F4 C1 D2 8D 1A   44 1B 85 BA 86 A7 2C 01  D.......D.....,.
0060: 2C 41 07 6C 85 73 C8 DC   AC A5 28 E4 04 C3 BA 18  ,A.l.s....(.....
0070: 6B AF 78 A6 D4 EE 33 9F   B0 45 EF CE 4C E5 74 99  k.x...3..E..L.t.
0080: 08 A5 BF 00 E2 BA C8 F7   3D AC 6C B5 FD 7C CA 23  ........=.l....#
0090: FF EC DD DC 7E 17 78 AB   71 D0 C7 39 34 94 59 A2  ......x.q..94.Y.
00A0: 05 D6 E2 01 09 B2 4C E3   DE DB 3E A5 5D 1A 5B 44  ......L...>.].[D
00B0: 25 1A FA C5 64 9D E5 57   D9 22 CC 4D D0 23 C4 FC  %...d..W.".M.#..
00C0: 7F 42 79 52 AB AA F0 BC   CA A1 65 20 FD CB FB 59  .ByR......e ...Y
00D0: 4A B5 14 52 97 6D 60 FE   EA 55 61 0F 8A 83 EE 7C  J..R.m`..Ua.....
00E0: A8 B0 3D 63 42 4C 5E BF   FF EB 91 02 81 A9 AC 0A  ..=cBL^.........
00F0: 6B CB 5C 0F 88 F9 4E 32   F0 AC 5D 6C 5A 1B DD FD  k.\...N2..]lZ...

]
javax Cert length 2
javaxCerts CN=www.cdot1.com, OU=IT, O=CDOT, ST=DELHI, C=IN issuer CN=subca1, OU=IT, O=CDOT, ST=DELHI, C=IN
javaxCerts CN=subca1, OU=IT, O=CDOT, ST=DELHI, C=IN issuer CN=CA ROOT, OU=IT, O=CDOT, ST=DELHI, C=IN
Session class: class sun.security.ssl.SSLSessionImpl
   Cipher suite = TLS_ECDHE_RSA_WITH_AES_256_CBC_SHA384
   Protocol = TLSv1.2
   PeerPrincipal = CN=www.cdot1.com,OU=IT,O=CDOT,ST=DELHI,C=IN
***************************************************End printSocketInfo******************************************************************
Secure handshake Started
HTTP Request Strucutre ***********
DELETE https://192.168.126.3:9090/R1211?rcn=4 HTTP/1.1httpurirequest tostring() DELETE https://192.168.126.3:9090/R1211?rcn=4 HTTP/1.1
Accept: application/vnd.onem2m-res+json
X-M2M-Origin: S011
X-M2M-RI: dab48ca4-c9e5-49dc-99d0-090dc3d1e9dd
X-M2M-OT: 20200214T101935
X-M2M-RST: 20200214T102435
X-M2M-RET: 20200214T102435
X-M2M-OET: 20200214T102435
X-M2M-EC: 200
X-M2M-RVI: 2a


START: ***********httpToOneM2MResponse:************

HTTP RESPONSE:HTTP/1.1 200 OKX-M2M-RI: dab48ca4-c9e5-49dc-99d0-090dc3d1e9dd [X-M2M-RSC: 2002, X-M2M-RVI: 2a] [Chunked: false]
Http Response content: [Chunked: false]
XM2MRsc: X-M2M-RSC: 2002


-----------------CLIENT DESERIALIZING RESPONSE------------------------------


HttpEntity.getContent: org.apache.http.impl.io.IdentityInputStream@55aac415
END: ***********httpToOneM2MResponse:************

From SEND-REQUEST:  R-IDnull
M2M RESPONSE STATUS CODE: 2002
********Response content is empty************
$$$$$$$$$$$$$$$$$$$$$$$$$$$$$$$$$$$$$$$$$$$$$$$$$$$$$$$$$$$$$$$$$$$$$$$$$$$$$$$$$$$$$$$$$$$$$$$$$$$$$$$$$$$$$$$
[RestHttpsCertificateBasedClient] Inside RestHttpsCertificateBasedClient
REST HTTP CERTIFICATE BASED CLIENT
[EL Warning]: 2020-02-14 10:19:37.412--Ignoring attribute [desiredIdentifierResultType] on class [RequestPrimitive] as no Property was generated for it.
[EL Warning]: 2020-02-14 10:19:37.412--Ignoring attribute [responseStatusCode] on class [RequestPrimitive] as no Property was generated for it.
[EL Warning]: 2020-02-14 10:19:37.412--Ignoring attribute [assignedTokenIdentifiers] on class [RequestPrimitive] as no Property was generated for it.
[EL Warning]: 2020-02-14 10:19:37.412--Ignoring attribute [contentStatus] on class [RequestPrimitive] as no Property was generated for it.
[EL Warning]: 2020-02-14 10:19:37.412--Ignoring attribute [contentOffset] on class [RequestPrimitive] as no Property was generated for it.
[EL Warning]: 2020-02-14 10:19:37.412--Ignoring attribute [authorSignReqInfo] on class [RequestPrimitive] as no Property was generated for it.
[EL Warning]: 2020-02-14 10:19:37.412--Ignoring attribute [null] on class [AuthenticationProfile] as no Property was generated for it.
OPERATION: 4
START:  ***********oneM2MToHttpRequest:************

[EL Warning]: 2020-02-14 10:19:37.566--Ignoring attribute [desiredIdentifierResultType] on class [RequestPrimitive] as no Property was generated for it.
[EL Warning]: 2020-02-14 10:19:37.566--Ignoring attribute [responseStatusCode] on class [RequestPrimitive] as no Property was generated for it.
[EL Warning]: 2020-02-14 10:19:37.566--Ignoring attribute [assignedTokenIdentifiers] on class [RequestPrimitive] as no Property was generated for it.
[EL Warning]: 2020-02-14 10:19:37.566--Ignoring attribute [contentStatus] on class [RequestPrimitive] as no Property was generated for it.
[EL Warning]: 2020-02-14 10:19:37.567--Ignoring attribute [contentOffset] on class [RequestPrimitive] as no Property was generated for it.
[EL Warning]: 2020-02-14 10:19:37.567--Ignoring attribute [authorSignReqInfo] on class [RequestPrimitive] as no Property was generated for it.
[EL Warning]: 2020-02-14 10:19:37.567--Ignoring attribute [null] on class [AuthenticationProfile] as no Property was generated for it.


-----------------CLIENT SERIALIZING REQUEST------------------------------


TO: /S011
URL: DELETE https://192.168.126.3:9090/S011 HTTP/1.1
XM2M-RI: 94644fc2-3362-42cc-b211-eb6a8da6a71bRequest Expr time: 20200214T102436
END:  ***********oneM2MToHttpRequest:************

In MyX509ExtendedTrustManager java.security.KeyStore@36c9d5bc
TMS 0 sun.security.ssl.X509TrustManagerImpl@1724cdfe
[RestHttpsCertificateBasedClient] saefIpAddress :: 192.168.126.3
[RestHttpsCertificateBasedClient] saefPort :: 9090
***************************************************In printSocketInfo******************************************************************
Enabled Ciphersuites TLS_ECDHE_ECDSA_WITH_AES_256_CBC_SHA384
Enabled Ciphersuites TLS_ECDHE_RSA_WITH_AES_256_CBC_SHA384
Enabled Ciphersuites TLS_RSA_WITH_AES_256_CBC_SHA256
Enabled Ciphersuites TLS_ECDH_ECDSA_WITH_AES_256_CBC_SHA384
Enabled Ciphersuites TLS_ECDH_RSA_WITH_AES_256_CBC_SHA384
Enabled Ciphersuites TLS_DHE_RSA_WITH_AES_256_CBC_SHA256
Enabled Ciphersuites TLS_DHE_DSS_WITH_AES_256_CBC_SHA256
Enabled Ciphersuites TLS_ECDHE_ECDSA_WITH_AES_256_CBC_SHA
Enabled Ciphersuites TLS_ECDHE_RSA_WITH_AES_256_CBC_SHA
Enabled Ciphersuites TLS_RSA_WITH_AES_256_CBC_SHA
Enabled Ciphersuites TLS_ECDH_ECDSA_WITH_AES_256_CBC_SHA
Enabled Ciphersuites TLS_ECDH_RSA_WITH_AES_256_CBC_SHA
Enabled Ciphersuites TLS_DHE_RSA_WITH_AES_256_CBC_SHA
Enabled Ciphersuites TLS_DHE_DSS_WITH_AES_256_CBC_SHA
Enabled Ciphersuites TLS_ECDHE_ECDSA_WITH_AES_128_CBC_SHA256
Enabled Ciphersuites TLS_ECDHE_RSA_WITH_AES_128_CBC_SHA256
Enabled Ciphersuites TLS_RSA_WITH_AES_128_CBC_SHA256
Enabled Ciphersuites TLS_ECDH_ECDSA_WITH_AES_128_CBC_SHA256
Enabled Ciphersuites TLS_ECDH_RSA_WITH_AES_128_CBC_SHA256
Enabled Ciphersuites TLS_DHE_RSA_WITH_AES_128_CBC_SHA256
Enabled Ciphersuites TLS_DHE_DSS_WITH_AES_128_CBC_SHA256
Enabled Ciphersuites TLS_ECDHE_ECDSA_WITH_AES_128_CBC_SHA
Enabled Ciphersuites TLS_ECDHE_RSA_WITH_AES_128_CBC_SHA
Enabled Ciphersuites TLS_RSA_WITH_AES_128_CBC_SHA
Enabled Ciphersuites TLS_ECDH_ECDSA_WITH_AES_128_CBC_SHA
Enabled Ciphersuites TLS_ECDH_RSA_WITH_AES_128_CBC_SHA
Enabled Ciphersuites TLS_DHE_RSA_WITH_AES_128_CBC_SHA
Enabled Ciphersuites TLS_DHE_DSS_WITH_AES_128_CBC_SHA
Enabled Ciphersuites TLS_ECDHE_ECDSA_WITH_AES_256_GCM_SHA384
Enabled Ciphersuites TLS_ECDHE_ECDSA_WITH_AES_128_GCM_SHA256
Enabled Ciphersuites TLS_ECDHE_RSA_WITH_AES_256_GCM_SHA384
Enabled Ciphersuites TLS_RSA_WITH_AES_256_GCM_SHA384
Enabled Ciphersuites TLS_ECDH_ECDSA_WITH_AES_256_GCM_SHA384
Enabled Ciphersuites TLS_ECDH_RSA_WITH_AES_256_GCM_SHA384
Enabled Ciphersuites TLS_DHE_RSA_WITH_AES_256_GCM_SHA384
Enabled Ciphersuites TLS_DHE_DSS_WITH_AES_256_GCM_SHA384
Enabled Ciphersuites TLS_ECDHE_RSA_WITH_AES_128_GCM_SHA256
Enabled Ciphersuites TLS_RSA_WITH_AES_128_GCM_SHA256
Enabled Ciphersuites TLS_ECDH_ECDSA_WITH_AES_128_GCM_SHA256
Enabled Ciphersuites TLS_ECDH_RSA_WITH_AES_128_GCM_SHA256
Enabled Ciphersuites TLS_DHE_RSA_WITH_AES_128_GCM_SHA256
Enabled Ciphersuites TLS_DHE_DSS_WITH_AES_128_GCM_SHA256
Enabled Ciphersuites TLS_EMPTY_RENEGOTIATION_INFO_SCSV
Supported protocols: [SSLv2Hello, SSLv3, TLSv1, TLSv1.1, TLSv1.2]
Enabled protocols: [TLSv1, TLSv1.1, TLSv1.2]
Socket class: class sun.security.ssl.SSLSocketImpl
   Remote address = /192.168.126.3
   Remote port = 9090
   Local socket address = /192.168.105.196:40476
   Local address = /192.168.105.196
   Local port = 40476
   Need client authentication = false
   Want client authentication = false
   Use client mode = true
getsession cert [Ljava.security.cert.X509Certificate;@5dbee1d7 chain [Ljavax.security.cert.X509Certificate;@25a2bbe9 host 192.168.126.3 int host 9090 principal CN=www.cdot1.com, OU=IT, O=CDOT, ST=DELHI, C=IN
Cert length 2
cert [
[
  Version: V3
  Subject: CN=www.cdot1.com, OU=IT, O=CDOT, ST=DELHI, C=IN
  Signature Algorithm: SHA256withRSA, OID = 1.2.840.113549.1.1.11

  Key:  Sun RSA public key, 2048 bits
  modulus: 29004517019861970090249101516661648002894508855361257127144308604493070880898240006625013690565773004742781432158070630900710385263392929926135814414167666189107549830611813748725096283445487209824969178317312069598648222174604320556916887110211402743395536426987381812546414679063000197914052855660875276320635566960228678906206413028088270323047900446079763662007667324264498598511459028555046846798859146535392628878444072179957534172630438883550885582907570634094459105473142810120294265847658484306881915672971023805969932400835602622239464522304160717043041486337435228498274377315173616599166026097454977849281
  public exponent: 65537
  Validity: [From: Thu Sep 21 11:38:29 IST 2017,
               To: Sat Aug 15 11:38:29 IST 2020]
  Issuer: CN=subca1, OU=IT, O=CDOT, ST=DELHI, C=IN
  SerialNumber: [    8e225f53 b2975e76]

Certificate Extensions: 5
[1]: ObjectId: 2.16.840.1.113730.1.13 Criticality=false
Extension unknown: DER encoded OCTET string =
0000: 04 1F 16 1D 4F 70 65 6E   53 53 4C 20 47 65 6E 65  ....OpenSSL Gene
0010: 72 61 74 65 64 20 43 65   72 74 69 66 69 63 61 74  rated Certificat
0020: 65                                                 e


[2]: ObjectId: 2.5.29.35 Criticality=false
AuthorityKeyIdentifier [
KeyIdentifier [
0000: D2 63 6D 93 21 2A DD 5A   2E 6C 4D 10 26 BB DB 1A  .cm.!*.Z.lM.&...
0010: 16 92 51 AE                                        ..Q.
]
]

[3]: ObjectId: 2.5.29.19 Criticality=false
BasicConstraints:[
  CA:false
  PathLen: undefined
]

[4]: ObjectId: 2.5.29.17 Criticality=false
SubjectAlternativeName [
  DNSName: //www.cdot1.com
]

[5]: ObjectId: 2.5.29.14 Criticality=false
SubjectKeyIdentifier [
KeyIdentifier [
0000: 44 D1 A3 43 AA 26 F3 81   1D A8 57 31 76 02 B8 CB  D..C.&....W1v...
0010: 78 2A 7F 4C                                        x*.L
]
]

]
  Algorithm: [SHA256withRSA]
  Signature:
0000: 20 6B FF 4B B5 91 6D D7   A7 16 AF 56 4B 5B D9 D6   k.K..m....VK[..
0010: BE 04 95 75 AA 44 CC 53   27 DB DF F2 FA CD 1D 49  ...u.D.S'......I
0020: 8C 5F 96 AA F1 B5 F6 3C   D3 58 23 14 94 43 36 34  ._.....<.X#..C64
0030: 06 78 F0 47 10 E6 89 7E   0A 21 41 23 B1 C4 4E 02  .x.G.....!A#..N.
0040: 51 5E 75 C6 90 11 D5 4E   12 4A 29 40 C5 28 C3 31  Q^u....N.J)@.(.1
0050: 98 EA 43 71 9A 03 1B FD   AA C8 A7 8D C4 46 57 A0  ..Cq.........FW.
0060: C9 5B 2B D3 40 33 1E 0F   32 7B 63 56 71 DB B5 24  .[+.@3..2.cVq..$
0070: D0 E2 65 80 A9 B3 D2 01   E5 BD 06 85 F0 43 0C 4C  ..e..........C.L
0080: A8 84 FF 17 ED 26 63 F9   93 9B E3 6A 72 DA CB CB  .....&c....jr...
0090: 82 DE 24 1F 6B 37 6D 48   28 66 AD 8F 44 CA C6 AF  ..$.k7mH(f..D...
00A0: 21 EF E7 75 C3 BA F8 E9   AB 85 AE A9 8B EB 13 5D  !..u...........]
00B0: B9 9E 0D DB 18 FA BD D2   2B 13 D7 1B F1 BB 3A 07  ........+.....:.
00C0: 2B 2A 1E EA 10 99 84 A1   33 3E 11 14 8B 8B 9D AE  +*......3>......
00D0: 7F 5B 79 30 83 E2 9B 02   03 48 5C B7 3D 39 FB E5  .[y0.....H\.=9..
00E0: 2F F0 50 6E 13 21 37 79   DD A4 50 C7 06 65 71 B5  /.Pn.!7y..P..eq.
00F0: 3B 62 CE 61 10 D1 6D A6   6A A3 B7 95 25 53 18 C1  ;b.a..m.j...%S..

]
cert [
[
  Version: V3
  Subject: CN=subca1, OU=IT, O=CDOT, ST=DELHI, C=IN
  Signature Algorithm: SHA256withRSA, OID = 1.2.840.113549.1.1.11

  Key:  Sun RSA public key, 2048 bits
  modulus: 22459088573830172065138623946452075332484366282745162692509726313226519891309164111511110363852934862051207741500401493382991627703437472637634599833067960375791423692984767918062222812927419701966974532089073338703910051032950853797509200402164030458119017533268092365924307307085149200336473705378297647423575325895503749050236106621992064735898600004791035678681738321183275445986940808163844707059500468660037049520100497673107900254686995664972417850590702807315721998845831542192645807480569169068076774380267450322345578202742396677417433901702151242189123979374977218011419701197126577268149214149312724872307
  public exponent: 65537
  Validity: [From: Thu Sep 21 11:15:38 IST 2017,
               To: Sat Aug 15 11:15:38 IST 2020]
  Issuer: CN=CA ROOT, OU=IT, O=CDOT, ST=DELHI, C=IN
  SerialNumber: [    8e225f53 b2975e75]

Certificate Extensions: 5
[1]: ObjectId: 2.16.840.1.113730.1.13 Criticality=false
Extension unknown: DER encoded OCTET string =
0000: 04 1F 16 1D 4F 70 65 6E   53 53 4C 20 47 65 6E 65  ....OpenSSL Gene
0010: 72 61 74 65 64 20 43 65   72 74 69 66 69 63 61 74  rated Certificat
0020: 65                                                 e


[2]: ObjectId: 2.5.29.35 Criticality=false
AuthorityKeyIdentifier [
KeyIdentifier [
0000: 46 E7 4B 1F 06 3C 22 43   10 AF 7E 8E C8 45 02 7C  F.K..<"C.....E..
0010: FE A3 13 9D                                        ....
]
]

[3]: ObjectId: 2.5.29.19 Criticality=false
BasicConstraints:[
  CA:true
  PathLen:2147483647
]

[4]: ObjectId: 2.5.29.15 Criticality=false
KeyUsage [
  Key_CertSign
  Crl_Sign
]

[5]: ObjectId: 2.5.29.14 Criticality=false
SubjectKeyIdentifier [
KeyIdentifier [
0000: D2 63 6D 93 21 2A DD 5A   2E 6C 4D 10 26 BB DB 1A  .cm.!*.Z.lM.&...
0010: 16 92 51 AE                                        ..Q.
]
]

]
  Algorithm: [SHA256withRSA]
  Signature:
0000: 9D BD F0 2A AB 34 E1 9F   46 95 9C 23 7F A1 68 A7  ...*.4..F..#..h.
0010: 68 8E CB 51 59 1C A7 CC   85 2A 9E 4A FF F5 80 C4  h..QY....*.J....
0020: 63 44 3E D2 3F B3 B2 E6   0F C8 E2 6E B6 C5 46 93  cD>.?......n..F.
0030: BB 65 61 30 87 44 94 10   14 10 3F 2A 72 23 EB 42  .ea0.D....?*r#.B
0040: F0 EC 1F AC 86 7F 95 CD   35 3A 66 B8 61 CF 97 37  ........5:f.a..7
0050: 44 C6 B7 F4 C1 D2 8D 1A   44 1B 85 BA 86 A7 2C 01  D.......D.....,.
0060: 2C 41 07 6C 85 73 C8 DC   AC A5 28 E4 04 C3 BA 18  ,A.l.s....(.....
0070: 6B AF 78 A6 D4 EE 33 9F   B0 45 EF CE 4C E5 74 99  k.x...3..E..L.t.
0080: 08 A5 BF 00 E2 BA C8 F7   3D AC 6C B5 FD 7C CA 23  ........=.l....#
0090: FF EC DD DC 7E 17 78 AB   71 D0 C7 39 34 94 59 A2  ......x.q..94.Y.
00A0: 05 D6 E2 01 09 B2 4C E3   DE DB 3E A5 5D 1A 5B 44  ......L...>.].[D
00B0: 25 1A FA C5 64 9D E5 57   D9 22 CC 4D D0 23 C4 FC  %...d..W.".M.#..
00C0: 7F 42 79 52 AB AA F0 BC   CA A1 65 20 FD CB FB 59  .ByR......e ...Y
00D0: 4A B5 14 52 97 6D 60 FE   EA 55 61 0F 8A 83 EE 7C  J..R.m`..Ua.....
00E0: A8 B0 3D 63 42 4C 5E BF   FF EB 91 02 81 A9 AC 0A  ..=cBL^.........
00F0: 6B CB 5C 0F 88 F9 4E 32   F0 AC 5D 6C 5A 1B DD FD  k.\...N2..]lZ...

]
javax Cert length 2
javaxCerts CN=www.cdot1.com, OU=IT, O=CDOT, ST=DELHI, C=IN issuer CN=subca1, OU=IT, O=CDOT, ST=DELHI, C=IN
javaxCerts CN=subca1, OU=IT, O=CDOT, ST=DELHI, C=IN issuer CN=CA ROOT, OU=IT, O=CDOT, ST=DELHI, C=IN
Session class: class sun.security.ssl.SSLSessionImpl
   Cipher suite = TLS_ECDHE_RSA_WITH_AES_256_CBC_SHA384
   Protocol = TLSv1.2
   PeerPrincipal = CN=www.cdot1.com,OU=IT,O=CDOT,ST=DELHI,C=IN
***************************************************End printSocketInfo******************************************************************
Secure handshake Started
HTTP Request Strucutre ***********
DELETE https://192.168.126.3:9090/S011 HTTP/1.1httpurirequest tostring() DELETE https://192.168.126.3:9090/S011 HTTP/1.1
Accept: application/vnd.onem2m-res+json
X-M2M-Origin: S011
X-M2M-RI: 94644fc2-3362-42cc-b211-eb6a8da6a71b
X-M2M-OT: 20200214T101936
X-M2M-RST: 20200214T102436
X-M2M-RET: 20200214T102436
X-M2M-OET: 20200214T102436
X-M2M-EC: 200
X-M2M-RVI: 2a


START: ***********httpToOneM2MResponse:************

HTTP RESPONSE:HTTP/1.1 200 OKX-M2M-RI: 94644fc2-3362-42cc-b211-eb6a8da6a71b [X-M2M-RSC: 2002, X-M2M-RVI: 2a] [Chunked: false]
Http Response content: [Chunked: false]
XM2MRsc: X-M2M-RSC: 2002


-----------------CLIENT DESERIALIZING RESPONSE------------------------------


HttpEntity.getContent: org.apache.http.impl.io.IdentityInputStream@14d8c99e
END: ***********httpToOneM2MResponse:************

From SEND-REQUEST:  R-IDnull
M2M RESPONSE STATUS CODE: 2002
********Response content is empty************
]]></system-out>
    <system-err><![CDATA[java.net.SocketException: Connection reset
	at java.net.SocketInputStream.read(SocketInputStream.java:210)
	at java.net.SocketInputStream.read(SocketInputStream.java:141)
	at sun.security.ssl.InputRecord.readFully(InputRecord.java:465)
	at sun.security.ssl.InputRecord.read(InputRecord.java:503)
	at sun.security.ssl.SSLSocketImpl.readRecord(SSLSocketImpl.java:983)
	at sun.security.ssl.SSLSocketImpl.readDataRecord(SSLSocketImpl.java:940)
	at sun.security.ssl.AppInputStream.read(AppInputStream.java:105)
	at org.apache.http.impl.io.SessionInputBufferImpl.streamRead(SessionInputBufferImpl.java:137)
	at org.apache.http.impl.io.SessionInputBufferImpl.fillBuffer(SessionInputBufferImpl.java:153)
	at org.apache.http.impl.io.SessionInputBufferImpl.read(SessionInputBufferImpl.java:206)
	at org.apache.http.impl.io.IdentityInputStream.read(IdentityInputStream.java:93)
	at sun.nio.cs.StreamDecoder.readBytes(StreamDecoder.java:284)
	at sun.nio.cs.StreamDecoder.implRead(StreamDecoder.java:326)
	at sun.nio.cs.StreamDecoder.read(StreamDecoder.java:178)
	at java.io.InputStreamReader.read(InputStreamReader.java:184)
	at java.io.Reader.read(Reader.java:140)
	at org.apache.http.util.EntityUtils.toString(EntityUtils.java:227)
	at org.apache.http.util.EntityUtils.toString(EntityUtils.java:308)
	at cdot.onem2m.protocolBinding.http.mapping.HttpOneM2MConverter.httpToOneM2MResponse(HttpOneM2MConverter.java:424)
	at cdot.onem2m.protocolBinding.http.client.RestHttpsCertificateBasedClient.sendRequest(RestHttpsCertificateBasedClient.java:143)
	at cdot.onem2m.platform.originatorActions.business.OriginatorActionsBean.execute(OriginatorActionsBean.java:218)
	at cdot.onem2m.platform.originatorActions.business.OriginatorActionsBean.execute(OriginatorActionsBean.java:356)
	at cdot.ccsp.onem2mTester.utils.GeneralDeleteTestCases.deleteResourceWithResultContent(GeneralDeleteTestCases.java:40)
	at data.management.repository.TP_oneM2M_CSE_DMR_DEL_011.TP_oneM2M_CSE_DMR_DEL_011_RCN_4(TP_oneM2M_CSE_DMR_DEL_011.java:155)
	at sun.reflect.NativeMethodAccessorImpl.invoke0(Native Method)
	at sun.reflect.NativeMethodAccessorImpl.invoke(NativeMethodAccessorImpl.java:62)
	at sun.reflect.DelegatingMethodAccessorImpl.invoke(DelegatingMethodAccessorImpl.java:43)
	at java.lang.reflect.Method.invoke(Method.java:498)
	at org.junit.platform.commons.util.ReflectionUtils.invokeMethod(ReflectionUtils.java:515)
	at org.junit.jupiter.engine.execution.ExecutableInvoker.invoke(ExecutableInvoker.java:115)
	at org.junit.jupiter.engine.descriptor.TestMethodTestDescriptor.lambda$invokeTestMethod$6(TestMethodTestDescriptor.java:171)
	at org.junit.platform.engine.support.hierarchical.ThrowableCollector.execute(ThrowableCollector.java:72)
	at org.junit.jupiter.engine.descriptor.TestMethodTestDescriptor.invokeTestMethod(TestMethodTestDescriptor.java:167)
	at org.junit.jupiter.engine.descriptor.TestMethodTestDescriptor.execute(TestMethodTestDescriptor.java:114)
	at org.junit.jupiter.engine.descriptor.TestMethodTestDescriptor.execute(TestMethodTestDescriptor.java:59)
	at org.junit.platform.engine.support.hierarchical.NodeTestTask.lambda$executeRecursively$5(NodeTestTask.java:131)
	at org.junit.platform.engine.support.hierarchical.ThrowableCollector.execute(ThrowableCollector.java:72)
	at org.junit.platform.engine.support.hierarchical.NodeTestTask.executeRecursively(NodeTestTask.java:127)
	at org.junit.platform.engine.support.hierarchical.NodeTestTask.execute(NodeTestTask.java:107)
	at java.util.ArrayList.forEach(ArrayList.java:1257)
	at org.junit.platform.engine.support.hierarchical.SameThreadHierarchicalTestExecutorService.invokeAll(SameThreadHierarchicalTestExecutorService.java:38)
	at org.junit.platform.engine.support.hierarchical.NodeTestTask.lambda$executeRecursively$5(NodeTestTask.java:136)
	at org.junit.platform.engine.support.hierarchical.ThrowableCollector.execute(ThrowableCollector.java:72)
	at org.junit.platform.engine.support.hierarchical.NodeTestTask.executeRecursively(NodeTestTask.java:127)
	at org.junit.platform.engine.support.hierarchical.NodeTestTask.execute(NodeTestTask.java:107)
	at java.util.ArrayList.forEach(ArrayList.java:1257)
	at org.junit.platform.engine.support.hierarchical.SameThreadHierarchicalTestExecutorService.invokeAll(SameThreadHierarchicalTestExecutorService.java:38)
	at org.junit.platform.engine.support.hierarchical.NodeTestTask.lambda$executeRecursively$5(NodeTestTask.java:136)
	at org.junit.platform.engine.support.hierarchical.ThrowableCollector.execute(ThrowableCollector.java:72)
	at org.junit.platform.engine.support.hierarchical.NodeTestTask.executeRecursively(NodeTestTask.java:127)
	at org.junit.platform.engine.support.hierarchical.NodeTestTask.execute(NodeTestTask.java:107)
	at org.junit.platform.engine.support.hierarchical.SameThreadHierarchicalTestExecutorService.submit(SameThreadHierarchicalTestExecutorService.java:32)
	at org.junit.platform.engine.support.hierarchical.HierarchicalTestExecutor.execute(HierarchicalTestExecutor.java:52)
	at org.junit.platform.engine.support.hierarchical.HierarchicalTestEngine.execute(HierarchicalTestEngine.java:51)
	at org.junit.platform.launcher.core.DefaultLauncher.execute(DefaultLauncher.java:220)
	at org.junit.platform.launcher.core.DefaultLauncher.lambda$execute$6(DefaultLauncher.java:188)
	at org.junit.platform.launcher.core.DefaultLauncher.withInterceptedStreams(DefaultLauncher.java:202)
	at org.junit.platform.launcher.core.DefaultLauncher.execute(DefaultLauncher.java:181)
	at org.junit.platform.launcher.core.DefaultLauncher.execute(DefaultLauncher.java:128)
	at org.junit.platform.surefire.provider.JUnitPlatformProvider.invokeAllTests(JUnitPlatformProvider.java:155)
	at org.junit.platform.surefire.provider.JUnitPlatformProvider.invoke(JUnitPlatformProvider.java:134)
	at org.apache.maven.surefire.booter.ForkedBooter.invokeProviderInSameClassLoader(ForkedBooter.java:383)
	at org.apache.maven.surefire.booter.ForkedBooter.runSuitesInProcess(ForkedBooter.java:344)
	at org.apache.maven.surefire.booter.ForkedBooter.execute(ForkedBooter.java:125)
	at org.apache.maven.surefire.booter.ForkedBooter.main(ForkedBooter.java:417)
java.net.SocketException: Connection reset
	at java.net.SocketInputStream.read(SocketInputStream.java:210)
	at java.net.SocketInputStream.read(SocketInputStream.java:141)
	at sun.security.ssl.InputRecord.readFully(InputRecord.java:465)
	at sun.security.ssl.InputRecord.read(InputRecord.java:503)
	at sun.security.ssl.SSLSocketImpl.readRecord(SSLSocketImpl.java:983)
	at sun.security.ssl.SSLSocketImpl.readDataRecord(SSLSocketImpl.java:940)
	at sun.security.ssl.AppInputStream.read(AppInputStream.java:105)
	at org.apache.http.impl.io.SessionInputBufferImpl.streamRead(SessionInputBufferImpl.java:137)
	at org.apache.http.impl.io.SessionInputBufferImpl.fillBuffer(SessionInputBufferImpl.java:153)
	at org.apache.http.impl.io.SessionInputBufferImpl.read(SessionInputBufferImpl.java:206)
	at org.apache.http.impl.io.IdentityInputStream.read(IdentityInputStream.java:93)
	at sun.nio.cs.StreamDecoder.readBytes(StreamDecoder.java:284)
	at sun.nio.cs.StreamDecoder.implRead(StreamDecoder.java:326)
	at sun.nio.cs.StreamDecoder.read(StreamDecoder.java:178)
	at java.io.InputStreamReader.read(InputStreamReader.java:184)
	at java.io.Reader.read(Reader.java:140)
	at org.apache.http.util.EntityUtils.toString(EntityUtils.java:227)
	at org.apache.http.util.EntityUtils.toString(EntityUtils.java:308)
	at cdot.onem2m.protocolBinding.http.mapping.HttpOneM2MConverter.httpToOneM2MResponse(HttpOneM2MConverter.java:424)
	at cdot.onem2m.protocolBinding.http.client.RestHttpsCertificateBasedClient.sendRequest(RestHttpsCertificateBasedClient.java:143)
	at cdot.onem2m.platform.originatorActions.business.OriginatorActionsBean.execute(OriginatorActionsBean.java:218)
	at cdot.onem2m.platform.originatorActions.business.OriginatorActionsBean.execute(OriginatorActionsBean.java:356)
	at data.management.repository.TP_oneM2M_CSE_DMR_DEL_011.afterEachSetup(TP_oneM2M_CSE_DMR_DEL_011.java:371)
	at sun.reflect.NativeMethodAccessorImpl.invoke0(Native Method)
	at sun.reflect.NativeMethodAccessorImpl.invoke(NativeMethodAccessorImpl.java:62)
	at sun.reflect.DelegatingMethodAccessorImpl.invoke(DelegatingMethodAccessorImpl.java:43)
	at java.lang.reflect.Method.invoke(Method.java:498)
	at org.junit.platform.commons.util.ReflectionUtils.invokeMethod(ReflectionUtils.java:515)
	at org.junit.jupiter.engine.execution.ExecutableInvoker.invoke(ExecutableInvoker.java:115)
	at org.junit.jupiter.engine.descriptor.ClassTestDescriptor.invokeMethodInExtensionContext(ClassTestDescriptor.java:436)
	at org.junit.jupiter.engine.descriptor.ClassTestDescriptor.lambda$synthesizeAfterEachMethodAdapter$15(ClassTestDescriptor.java:428)
	at org.junit.jupiter.engine.descriptor.TestMethodTestDescriptor.lambda$invokeAfterEachMethods$9(TestMethodTestDescriptor.java:212)
	at org.junit.platform.engine.support.hierarchical.ThrowableCollector.execute(ThrowableCollector.java:72)
	at org.junit.jupiter.engine.descriptor.TestMethodTestDescriptor.lambda$invokeAllAfterMethodsOrCallbacks$13(TestMethodTestDescriptor.java:230)
	at java.util.ArrayList.forEach(ArrayList.java:1257)
	at org.junit.jupiter.engine.descriptor.TestMethodTestDescriptor.invokeAllAfterMethodsOrCallbacks(TestMethodTestDescriptor.java:228)
	at org.junit.jupiter.engine.descriptor.TestMethodTestDescriptor.invokeAfterEachMethods(TestMethodTestDescriptor.java:211)
	at org.junit.jupiter.engine.descriptor.TestMethodTestDescriptor.execute(TestMethodTestDescriptor.java:118)
	at org.junit.jupiter.engine.descriptor.TestMethodTestDescriptor.execute(TestMethodTestDescriptor.java:59)
	at org.junit.platform.engine.support.hierarchical.NodeTestTask.lambda$executeRecursively$5(NodeTestTask.java:131)
	at org.junit.platform.engine.support.hierarchical.ThrowableCollector.execute(ThrowableCollector.java:72)
	at org.junit.platform.engine.support.hierarchical.NodeTestTask.executeRecursively(NodeTestTask.java:127)
	at org.junit.platform.engine.support.hierarchical.NodeTestTask.execute(NodeTestTask.java:107)
	at java.util.ArrayList.forEach(ArrayList.java:1257)
	at org.junit.platform.engine.support.hierarchical.SameThreadHierarchicalTestExecutorService.invokeAll(SameThreadHierarchicalTestExecutorService.java:38)
	at org.junit.platform.engine.support.hierarchical.NodeTestTask.lambda$executeRecursively$5(NodeTestTask.java:136)
	at org.junit.platform.engine.support.hierarchical.ThrowableCollector.execute(ThrowableCollector.java:72)
	at org.junit.platform.engine.support.hierarchical.NodeTestTask.executeRecursively(NodeTestTask.java:127)
	at org.junit.platform.engine.support.hierarchical.NodeTestTask.execute(NodeTestTask.java:107)
	at java.util.ArrayList.forEach(ArrayList.java:1257)
	at org.junit.platform.engine.support.hierarchical.SameThreadHierarchicalTestExecutorService.invokeAll(SameThreadHierarchicalTestExecutorService.java:38)
	at org.junit.platform.engine.support.hierarchical.NodeTestTask.lambda$executeRecursively$5(NodeTestTask.java:136)
	at org.junit.platform.engine.support.hierarchical.ThrowableCollector.execute(ThrowableCollector.java:72)
	at org.junit.platform.engine.support.hierarchical.NodeTestTask.executeRecursively(NodeTestTask.java:127)
	at org.junit.platform.engine.support.hierarchical.NodeTestTask.execute(NodeTestTask.java:107)
	at org.junit.platform.engine.support.hierarchical.SameThreadHierarchicalTestExecutorService.submit(SameThreadHierarchicalTestExecutorService.java:32)
	at org.junit.platform.engine.support.hierarchical.HierarchicalTestExecutor.execute(HierarchicalTestExecutor.java:52)
	at org.junit.platform.engine.support.hierarchical.HierarchicalTestEngine.execute(HierarchicalTestEngine.java:51)
	at org.junit.platform.launcher.core.DefaultLauncher.execute(DefaultLauncher.java:220)
	at org.junit.platform.launcher.core.DefaultLauncher.lambda$execute$6(DefaultLauncher.java:188)
	at org.junit.platform.launcher.core.DefaultLauncher.withInterceptedStreams(DefaultLauncher.java:202)
	at org.junit.platform.launcher.core.DefaultLauncher.execute(DefaultLauncher.java:181)
	at org.junit.platform.launcher.core.DefaultLauncher.execute(DefaultLauncher.java:128)
	at org.junit.platform.surefire.provider.JUnitPlatformProvider.invokeAllTests(JUnitPlatformProvider.java:155)
	at org.junit.platform.surefire.provider.JUnitPlatformProvider.invoke(JUnitPlatformProvider.java:134)
	at org.apache.maven.surefire.booter.ForkedBooter.invokeProviderInSameClassLoader(ForkedBooter.java:383)
	at org.apache.maven.surefire.booter.ForkedBooter.runSuitesInProcess(ForkedBooter.java:344)
	at org.apache.maven.surefire.booter.ForkedBooter.execute(ForkedBooter.java:125)
	at org.apache.maven.surefire.booter.ForkedBooter.main(ForkedBooter.java:417)
]]></system-err>
  </testcase>
  <testcase name="TP_oneM2M_CSE_DMR_DEL_011_RCN_5" classname="data.management.repository.TP_oneM2M_CSE_DMR_DEL_011" time="5.783">
    <failure message="expected:&lt;4000&gt; but was:&lt;2002&gt;" type="java.lang.AssertionError"><![CDATA[java.lang.AssertionError: expected:<4000> but was:<2002>
	at data.management.repository.TP_oneM2M_CSE_DMR_DEL_011.TP_oneM2M_CSE_DMR_DEL_011_RCN_5(TP_oneM2M_CSE_DMR_DEL_011.java:192)
]]></failure>
    <system-out><![CDATA[$$$$$$$$$$$$$$$$$$$$$$$$$$$$$$$$$$$$$$$$$$$$$$$$$$$$$$$$$$$$$$$$$$$$$$$$$$$$$$$$$$$$$$$$$$$$$$$$$$$$$$$$$$$$$$$
[RestHttpsCertificateBasedClient] Inside RestHttpsCertificateBasedClient
[...]
  SerialNumber: [    8e225f53 b2975e76]

Certificate Extensions: 5
[1]: ObjectId: 2.16.840.1.113730.1.13 Criticality=false
Extension unknown: DER encoded OCTET string =
0000: 04 1F 16 1D 4F 70 65 6E   53 53 4C 20 47 65 6E 65  ....OpenSSL Gene
0010: 72 61 74 65 64 20 43 65   72 74 69 66 69 63 61 74  rated Certificat
0020: 65                                                 e


[2]: ObjectId: 2.5.29.35 Criticality=false
AuthorityKeyIdentifier [
KeyIdentifier [
0000: D2 63 6D 93 21 2A DD 5A   2E 6C 4D 10 26 BB DB 1A  .cm.!*.Z.lM.&...
0010: 16 92 51 AE                                        ..Q.
]
]

[3]: ObjectId: 2.5.29.19 Criticality=false
BasicConstraints:[
  CA:false
  PathLen: undefined
]

[4]: ObjectId: 2.5.29.17 Criticality=false
SubjectAlternativeName [
  DNSName: //www.cdot1.com
]

[5]: ObjectId: 2.5.29.14 Criticality=false
SubjectKeyIdentifier [
KeyIdentifier [
0000: 44 D1 A3 43 AA 26 F3 81   1D A8 57 31 76 02 B8 CB  D..C.&....W1v...
0010: 78 2A 7F 4C                                        x*.L
]
]

]
  Algorithm: [SHA256withRSA]
  Signature:
0000: 20 6B FF 4B B5 91 6D D7   A7 16 AF 56 4B 5B D9 D6   k.K..m....VK[..
0010: BE 04 95 75 AA 44 CC 53   27 DB DF F2 FA CD 1D 49  ...u.D.S'......I
0020: 8C 5F 96 AA F1 B5 F6 3C   D3 58 23 14 94 43 36 34  ._.....<.X#..C64
0030: 06 78 F0 47 10 E6 89 7E   0A 21 41 23 B1 C4 4E 02  .x.G.....!A#..N.
0040: 51 5E 75 C6 90 11 D5 4E   12 4A 29 40 C5 28 C3 31  Q^u....N.J)@.(.1
0050: 98 EA 43 71 9A 03 1B FD   AA C8 A7 8D C4 46 57 A0  ..Cq.........FW.
0060: C9 5B 2B D3 40 33 1E 0F   32 7B 63 56 71 DB B5 24  .[+.@3..2.cVq..$
0070: D0 E2 65 80 A9 B3 D2 01   E5 BD 06 85 F0 43 0C 4C  ..e..........C.L
0080: A8 84 FF 17 ED 26 63 F9   93 9B E3 6A 72 DA CB CB  .....&c....jr...
0090: 82 DE 24 1F 6B 37 6D 48   28 66 AD 8F 44 CA C6 AF  ..$.k7mH(f..D...
00A0: 21 EF E7 75 C3 BA F8 E9   AB 85 AE A9 8B EB 13 5D  !..u...........]
00B0: B9 9E 0D DB 18 FA BD D2   2B 13 D7 1B F1 BB 3A 07  ........+.....:.
00C0: 2B 2A 1E EA 10 99 84 A1   33 3E 11 14 8B 8B 9D AE  +*......3>......
00D0: 7F 5B 79 30 83 E2 9B 02   03 48 5C B7 3D 39 FB E5  .[y0.....H\.=9..
00E0: 2F F0 50 6E 13 21 37 79   DD A4 50 C7 06 65 71 B5  /.Pn.!7y..P..eq.
00F0: 3B 62 CE 61 10 D1 6D A6   6A A3 B7 95 25 53 18 C1  ;b.a..m.j...%S..

]
cert [
[
  Version: V3
  Subject: CN=subca1, OU=IT, O=CDOT, ST=DELHI, C=IN
  Signature Algorithm: SHA256withRSA, OID = 1.2.840.113549.1.1.11

  Key:  Sun RSA public key, 2048 bits
  modulus: 22459088573830172065138623946452075332484366282745162692509726313226519891309164111511110363852934862051207741500401493382991627703437472637634599833067960375791423692984767918062222812927419701966974532089073338703910051032950853797509200402164030458119017533268092365924307307085149200336473705378297647423575325895503749050236106621992064735898600004791035678681738321183275445986940808163844707059500468660037049520100497673107900254686995664972417850590702807315721998845831542192645807480569169068076774380267450322345578202742396677417433901702151242189123979374977218011419701197126577268149214149312724872307
  public exponent: 65537
  Validity: [From: Thu Sep 21 11:15:38 IST 2017,
               To: Sat Aug 15 11:15:38 IST 2020]
  Issuer: CN=CA ROOT, OU=IT, O=CDOT, ST=DELHI, C=IN
  SerialNumber: [    8e225f53 b2975e75]

Certificate Extensions: 5
[1]: ObjectId: 2.16.840.1.113730.1.13 Criticality=false
Extension unknown: DER encoded OCTET string =
0000: 04 1F 16 1D 4F 70 65 6E   53 53 4C 20 47 65 6E 65  ....OpenSSL Gene
0010: 72 61 74 65 64 20 43 65   72 74 69 66 69 63 61 74  rated Certificat
0020: 65                                                 e


[2]: ObjectId: 2.5.29.35 Criticality=false
AuthorityKeyIdentifier [
KeyIdentifier [
0000: 46 E7 4B 1F 06 3C 22 43   10 AF 7E 8E C8 45 02 7C  F.K..<"C.....E..
0010: FE A3 13 9D                                        ....
]
]

[3]: ObjectId: 2.5.29.19 Criticality=false
BasicConstraints:[
  CA:true
  PathLen:2147483647
]

[4]: ObjectId: 2.5.29.15 Criticality=false
KeyUsage [
  Key_CertSign
  Crl_Sign
]

[5]: ObjectId: 2.5.29.14 Criticality=false
SubjectKeyIdentifier [
KeyIdentifier [
0000: D2 63 6D 93 21 2A DD 5A   2E 6C 4D 10 26 BB DB 1A  .cm.!*.Z.lM.&...
0010: 16 92 51 AE                                        ..Q.
]
]

]
  Algorithm: [SHA256withRSA]
  Signature:
0000: 9D BD F0 2A AB 34 E1 9F   46 95 9C 23 7F A1 68 A7  ...*.4..F..#..h.
0010: 68 8E CB 51 59 1C A7 CC   85 2A 9E 4A FF F5 80 C4  h..QY....*.J....
0020: 63 44 3E D2 3F B3 B2 E6   0F C8 E2 6E B6 C5 46 93  cD>.?......n..F.
0030: BB 65 61 30 87 44 94 10   14 10 3F 2A 72 23 EB 42  .ea0.D....?*r#.B
0040: F0 EC 1F AC 86 7F 95 CD   35 3A 66 B8 61 CF 97 37  ........5:f.a..7
0050: 44 C6 B7 F4 C1 D2 8D 1A   44 1B 85 BA 86 A7 2C 01  D.......D.....,.
0060: 2C 41 07 6C 85 73 C8 DC   AC A5 28 E4 04 C3 BA 18  ,A.l.s....(.....
0070: 6B AF 78 A6 D4 EE 33 9F   B0 45 EF CE 4C E5 74 99  k.x...3..E..L.t.
0080: 08 A5 BF 00 E2 BA C8 F7   3D AC 6C B5 FD 7C CA 23  ........=.l....#
0090: FF EC DD DC 7E 17 78 AB   71 D0 C7 39 34 94 59 A2  ......x.q..94.Y.
00A0: 05 D6 E2 01 09 B2 4C E3   DE DB 3E A5 5D 1A 5B 44  ......L...>.].[D
00B0: 25 1A FA C5 64 9D E5 57   D9 22 CC 4D D0 23 C4 FC  %...d..W.".M.#..
00C0: 7F 42 79 52 AB AA F0 BC   CA A1 65 20 FD CB FB 59  .ByR......e ...Y
00D0: 4A B5 14 52 97 6D 60 FE   EA 55 61 0F 8A 83 EE 7C  J..R.m`..Ua.....
00E0: A8 B0 3D 63 42 4C 5E BF   FF EB 91 02 81 A9 AC 0A  ..=cBL^.........
00F0: 6B CB 5C 0F 88 F9 4E 32   F0 AC 5D 6C 5A 1B DD FD  k.\...N2..]lZ...

]
javax Cert length 2
javaxCerts CN=www.cdot1.com, OU=IT, O=CDOT, ST=DELHI, C=IN issuer CN=subca1, OU=IT, O=CDOT, ST=DELHI, C=IN
javaxCerts CN=subca1, OU=IT, O=CDOT, ST=DELHI, C=IN issuer CN=CA ROOT, OU=IT, O=CDOT, ST=DELHI, C=IN
Session class: class sun.security.ssl.SSLSessionImpl
   Cipher suite = TLS_ECDHE_RSA_WITH_AES_256_CBC_SHA384
   Protocol = TLSv1.2
   PeerPrincipal = CN=www.cdot1.com,OU=IT,O=CDOT,ST=DELHI,C=IN
***************************************************End printSocketInfo******************************************************************
Secure handshake Started
HTTP Request Strucutre ***********
DELETE https://192.168.126.3:9090/S011 HTTP/1.1httpurirequest tostring() DELETE https://192.168.126.3:9090/S011 HTTP/1.1
Accept: application/vnd.onem2m-res+json
X-M2M-Origin: S011
X-M2M-RI: cbdce294-650a-458f-8b41-ac7148275a93
X-M2M-OT: 20200214T102041
X-M2M-RST: 20200214T102541
X-M2M-RET: 20200214T102541
X-M2M-OET: 20200214T102541
X-M2M-EC: 200
X-M2M-RVI: 2a


START: ***********httpToOneM2MResponse:************

HTTP RESPONSE:HTTP/1.1 200 OKX-M2M-RI: cbdce294-650a-458f-8b41-ac7148275a93 [X-M2M-RSC: 2002, X-M2M-RVI: 2a] [Chunked: false]
Http Response content: [Chunked: false]
XM2MRsc: X-M2M-RSC: 2002


-----------------CLIENT DESERIALIZING RESPONSE------------------------------


HttpEntity.getContent: org.apache.http.impl.io.IdentityInputStream@612ec47e
END: ***********httpToOneM2MResponse:************

From SEND-REQUEST:  R-IDnull
M2M RESPONSE STATUS CODE: 2002
********Response content is empty************
]]></system-out>
    <system-err><![CDATA[java.net.SocketException: Connection reset
	at java.net.SocketInputStream.read(SocketInputStream.java:210)
	at java.net.SocketInputStream.read(SocketInputStream.java:141)
	at sun.security.ssl.InputRecord.readFully(InputRecord.java:465)
	at sun.security.ssl.InputRecord.read(InputRecord.java:503)
	at sun.security.ssl.SSLSocketImpl.readRecord(SSLSocketImpl.java:983)
	at sun.security.ssl.SSLSocketImpl.readDataRecord(SSLSocketImpl.java:940)
	at sun.security.ssl.AppInputStream.read(AppInputStream.java:105)
	at org.apache.http.impl.io.SessionInputBufferImpl.streamRead(SessionInputBufferImpl.java:137)
	at org.apache.http.impl.io.SessionInputBufferImpl.fillBuffer(SessionInputBufferImpl.java:153)
	at org.apache.http.impl.io.SessionInputBufferImpl.read(SessionInputBufferImpl.java:206)
	at org.apache.http.impl.io.IdentityInputStream.read(IdentityInputStream.java:93)
	at sun.nio.cs.StreamDecoder.readBytes(StreamDecoder.java:284)
	at sun.nio.cs.StreamDecoder.implRead(StreamDecoder.java:326)
	at sun.nio.cs.StreamDecoder.read(StreamDecoder.java:178)
	at java.io.InputStreamReader.read(InputStreamReader.java:184)
	at java.io.Reader.read(Reader.java:140)
	at org.apache.http.util.EntityUtils.toString(EntityUtils.java:227)
	at org.apache.http.util.EntityUtils.toString(EntityUtils.java:308)
	at cdot.onem2m.protocolBinding.http.mapping.HttpOneM2MConverter.httpToOneM2MResponse(HttpOneM2MConverter.java:424)
	at cdot.onem2m.protocolBinding.http.client.RestHttpsCertificateBasedClient.sendRequest(RestHttpsCertificateBasedClient.java:143)
	at cdot.onem2m.platform.originatorActions.business.OriginatorActionsBean.execute(OriginatorActionsBean.java:218)
	at cdot.onem2m.platform.originatorActions.business.OriginatorActionsBean.execute(OriginatorActionsBean.java:356)
	at cdot.ccsp.onem2mTester.utils.GeneralDeleteTestCases.deleteResourceWithResultContent(GeneralDeleteTestCases.java:40)
	at data.management.repository.TP_oneM2M_CSE_DMR_DEL_011.TP_oneM2M_CSE_DMR_DEL_011_RCN_8(TP_oneM2M_CSE_DMR_DEL_011.java:299)
	at sun.reflect.NativeMethodAccessorImpl.invoke0(Native Method)
	at sun.reflect.NativeMethodAccessorImpl.invoke(NativeMethodAccessorImpl.java:62)
	at sun.reflect.DelegatingMethodAccessorImpl.invoke(DelegatingMethodAccessorImpl.java:43)
	at java.lang.reflect.Method.invoke(Method.java:498)
	at org.junit.platform.commons.util.ReflectionUtils.invokeMethod(ReflectionUtils.java:515)
	at org.junit.jupiter.engine.execution.ExecutableInvoker.invoke(ExecutableInvoker.java:115)
	at org.junit.jupiter.engine.descriptor.TestMethodTestDescriptor.lambda$invokeTestMethod$6(TestMethodTestDescriptor.java:171)
	at org.junit.platform.engine.support.hierarchical.ThrowableCollector.execute(ThrowableCollector.java:72)
	at org.junit.jupiter.engine.descriptor.TestMethodTestDescriptor.invokeTestMethod(TestMethodTestDescriptor.java:167)
	at org.junit.jupiter.engine.descriptor.TestMethodTestDescriptor.execute(TestMethodTestDescriptor.java:114)
	at org.junit.jupiter.engine.descriptor.TestMethodTestDescriptor.execute(TestMethodTestDescriptor.java:59)
	at org.junit.platform.engine.support.hierarchical.NodeTestTask.lambda$executeRecursively$5(NodeTestTask.java:131)
	at org.junit.platform.engine.support.hierarchical.ThrowableCollector.execute(ThrowableCollector.java:72)
	at org.junit.platform.engine.support.hierarchical.NodeTestTask.executeRecursively(NodeTestTask.java:127)
	at org.junit.platform.engine.support.hierarchical.NodeTestTask.execute(NodeTestTask.java:107)
	at java.util.ArrayList.forEach(ArrayList.java:1257)
	at org.junit.platform.engine.support.hierarchical.SameThreadHierarchicalTestExecutorService.invokeAll(SameThreadHierarchicalTestExecutorService.java:38)
	at org.junit.platform.engine.support.hierarchical.NodeTestTask.lambda$executeRecursively$5(NodeTestTask.java:136)
	at org.junit.platform.engine.support.hierarchical.ThrowableCollector.execute(ThrowableCollector.java:72)
	at org.junit.platform.engine.support.hierarchical.NodeTestTask.executeRecursively(NodeTestTask.java:127)
	at org.junit.platform.engine.support.hierarchical.NodeTestTask.execute(NodeTestTask.java:107)
	at java.util.ArrayList.forEach(ArrayList.java:1257)
	at org.junit.platform.engine.support.hierarchical.SameThreadHierarchicalTestExecutorService.invokeAll(SameThreadHierarchicalTestExecutorService.java:38)
	at org.junit.platform.engine.support.hierarchical.NodeTestTask.lambda$executeRecursively$5(NodeTestTask.java:136)
	at org.junit.platform.engine.support.hierarchical.ThrowableCollector.execute(ThrowableCollector.java:72)
	at org.junit.platform.engine.support.hierarchical.NodeTestTask.executeRecursively(NodeTestTask.java:127)
	at org.junit.platform.engine.support.hierarchical.NodeTestTask.execute(NodeTestTask.java:107)
	at org.junit.platform.engine.support.hierarchical.SameThreadHierarchicalTestExecutorService.submit(SameThreadHierarchicalTestExecutorService.java:32)
	at org.junit.platform.engine.support.hierarchical.HierarchicalTestExecutor.execute(HierarchicalTestExecutor.java:52)
	at org.junit.platform.engine.support.hierarchical.HierarchicalTestEngine.execute(HierarchicalTestEngine.java:51)
	at org.junit.platform.launcher.core.DefaultLauncher.execute(DefaultLauncher.java:220)
	at org.junit.platform.launcher.core.DefaultLauncher.lambda$execute$6(DefaultLauncher.java:188)
	at org.junit.platform.launcher.core.DefaultLauncher.withInterceptedStreams(DefaultLauncher.java:202)
	at org.junit.platform.launcher.core.DefaultLauncher.execute(DefaultLauncher.java:181)
	at org.junit.platform.launcher.core.DefaultLauncher.execute(DefaultLauncher.java:128)
	at org.junit.platform.surefire.provider.JUnitPlatformProvider.invokeAllTests(JUnitPlatformProvider.java:155)
	at org.junit.platform.surefire.provider.JUnitPlatformProvider.invoke(JUnitPlatformProvider.java:134)
	at org.apache.maven.surefire.booter.ForkedBooter.invokeProviderInSameClassLoader(ForkedBooter.java:383)
	at org.apache.maven.surefire.booter.ForkedBooter.runSuitesInProcess(ForkedBooter.java:344)
	at org.apache.maven.surefire.booter.ForkedBooter.execute(ForkedBooter.java:125)
	at org.apache.maven.surefire.booter.ForkedBooter.main(ForkedBooter.java:417)
java.net.SocketException: Connection reset
	at java.net.SocketInputStream.read(SocketInputStream.java:210)
	at java.net.SocketInputStream.read(SocketInputStream.java:141)
	at sun.security.ssl.InputRecord.readFully(InputRecord.java:465)
	at sun.security.ssl.InputRecord.read(InputRecord.java:503)
	at sun.security.ssl.SSLSocketImpl.readRecord(SSLSocketImpl.java:983)
	at sun.security.ssl.SSLSocketImpl.readDataRecord(SSLSocketImpl.java:940)
	at sun.security.ssl.AppInputStream.read(AppInputStream.java:105)
	at org.apache.http.impl.io.SessionInputBufferImpl.streamRead(SessionInputBufferImpl.java:137)
	at org.apache.http.impl.io.SessionInputBufferImpl.fillBuffer(SessionInputBufferImpl.java:153)
	at org.apache.http.impl.io.SessionInputBufferImpl.read(SessionInputBufferImpl.java:206)
	at org.apache.http.impl.io.IdentityInputStream.read(IdentityInputStream.java:93)
	at sun.nio.cs.StreamDecoder.readBytes(StreamDecoder.java:284)
	at sun.nio.cs.StreamDecoder.implRead(StreamDecoder.java:326)
	at sun.nio.cs.StreamDecoder.read(StreamDecoder.java:178)
	at java.io.InputStreamReader.read(InputStreamReader.java:184)
	at java.io.Reader.read(Reader.java:140)
	at org.apache.http.util.EntityUtils.toString(EntityUtils.java:227)
	at org.apache.http.util.EntityUtils.toString(EntityUtils.java:308)
	at cdot.onem2m.protocolBinding.http.mapping.HttpOneM2MConverter.httpToOneM2MResponse(HttpOneM2MConverter.java:424)
	at cdot.onem2m.protocolBinding.http.client.RestHttpsCertificateBasedClient.sendRequest(RestHttpsCertificateBasedClient.java:143)
	at cdot.onem2m.platform.originatorActions.business.OriginatorActionsBean.execute(OriginatorActionsBean.java:218)
	at cdot.onem2m.platform.originatorActions.business.OriginatorActionsBean.execute(OriginatorActionsBean.java:356)
	at data.management.repository.TP_oneM2M_CSE_DMR_DEL_011.afterEachSetup(TP_oneM2M_CSE_DMR_DEL_011.java:371)
	at sun.reflect.NativeMethodAccessorImpl.invoke0(Native Method)
	at sun.reflect.NativeMethodAccessorImpl.invoke(NativeMethodAccessorImpl.java:62)
	at sun.reflect.DelegatingMethodAccessorImpl.invoke(DelegatingMethodAccessorImpl.java:43)
	at java.lang.reflect.Method.invoke(Method.java:498)
	at org.junit.platform.commons.util.ReflectionUtils.invokeMethod(ReflectionUtils.java:515)
	at org.junit.jupiter.engine.execution.ExecutableInvoker.invoke(ExecutableInvoker.java:115)
	at org.junit.jupiter.engine.descriptor.ClassTestDescriptor.invokeMethodInExtensionContext(ClassTestDescriptor.java:436)
	at org.junit.jupiter.engine.descriptor.ClassTestDescriptor.lambda$synthesizeAfterEachMethodAdapter$15(ClassTestDescriptor.java:428)
	at org.junit.jupiter.engine.descriptor.TestMethodTestDescriptor.lambda$invokeAfterEachMethods$9(TestMethodTestDescriptor.java:212)
	at org.junit.platform.engine.support.hierarchical.ThrowableCollector.execute(ThrowableCollector.java:72)
	at org.junit.jupiter.engine.descriptor.TestMethodTestDescriptor.lambda$invokeAllAfterMethodsOrCallbacks$13(TestMethodTestDescriptor.java:230)
	at java.util.ArrayList.forEach(ArrayList.java:1257)
	at org.junit.jupiter.engine.descriptor.TestMethodTestDescriptor.invokeAllAfterMethodsOrCallbacks(TestMethodTestDescriptor.java:228)
	at org.junit.jupiter.engine.descriptor.TestMethodTestDescriptor.invokeAfterEachMethods(TestMethodTestDescriptor.java:211)
	at org.junit.jupiter.engine.descriptor.TestMethodTestDescriptor.execute(TestMethodTestDescriptor.java:118)
	at org.junit.jupiter.engine.descriptor.TestMethodTestDescriptor.execute(TestMethodTestDescriptor.java:59)
	at org.junit.platform.engine.support.hierarchical.NodeTestTask.lambda$executeRecursively$5(NodeTestTask.java:131)
	at org.junit.platform.engine.support.hierarchical.ThrowableCollector.execute(ThrowableCollector.java:72)
	at org.junit.platform.engine.support.hierarchical.NodeTestTask.executeRecursively(NodeTestTask.java:127)
	at org.junit.platform.engine.support.hierarchical.NodeTestTask.execute(NodeTestTask.java:107)
	at java.util.ArrayList.forEach(ArrayList.java:1257)
	at org.junit.platform.engine.support.hierarchical.SameThreadHierarchicalTestExecutorService.invokeAll(SameThreadHierarchicalTestExecutorService.java:38)
	at org.junit.platform.engine.support.hierarchical.NodeTestTask.lambda$executeRecursively$5(NodeTestTask.java:136)
	at org.junit.platform.engine.support.hierarchical.ThrowableCollector.execute(ThrowableCollector.java:72)
	at org.junit.platform.engine.support.hierarchical.NodeTestTask.executeRecursively(NodeTestTask.java:127)
	at org.junit.platform.engine.support.hierarchical.NodeTestTask.execute(NodeTestTask.java:107)
	at java.util.ArrayList.forEach(ArrayList.java:1257)
	at org.junit.platform.engine.support.hierarchical.SameThreadHierarchicalTestExecutorService.invokeAll(SameThreadHierarchicalTestExecutorService.java:38)
	at org.junit.platform.engine.support.hierarchical.NodeTestTask.lambda$executeRecursively$5(NodeTestTask.java:136)
	at org.junit.platform.engine.support.hierarchical.ThrowableCollector.execute(ThrowableCollector.java:72)
	at org.junit.platform.engine.support.hierarchical.NodeTestTask.executeRecursively(NodeTestTask.java:127)
	at org.junit.platform.engine.support.hierarchical.NodeTestTask.execute(NodeTestTask.java:107)
	at org.junit.platform.engine.support.hierarchical.SameThreadHierarchicalTestExecutorService.submit(SameThreadHierarchicalTestExecutorService.java:32)
	at org.junit.platform.engine.support.hierarchical.HierarchicalTestExecutor.execute(HierarchicalTestExecutor.java:52)
	at org.junit.platform.engine.support.hierarchical.HierarchicalTestEngine.execute(HierarchicalTestEngine.java:51)
	at org.junit.platform.launcher.core.DefaultLauncher.execute(DefaultLauncher.java:220)
	at org.junit.platform.launcher.core.DefaultLauncher.lambda$execute$6(DefaultLauncher.java:188)
	at org.junit.platform.launcher.core.DefaultLauncher.withInterceptedStreams(DefaultLauncher.java:202)
	at org.junit.platform.launcher.core.DefaultLauncher.execute(DefaultLauncher.java:181)
	at org.junit.platform.launcher.core.DefaultLauncher.execute(DefaultLauncher.java:128)
	at org.junit.platform.surefire.provider.JUnitPlatformProvider.invokeAllTests(JUnitPlatformProvider.java:155)
	at org.junit.platform.surefire.provider.JUnitPlatformProvider.invoke(JUnitPlatformProvider.java:134)
	at org.apache.maven.surefire.booter.ForkedBooter.invokeProviderInSameClassLoader(ForkedBooter.java:383)
	at org.apache.maven.surefire.booter.ForkedBooter.runSuitesInProcess(ForkedBooter.java:344)
	at org.apache.maven.surefire.booter.ForkedBooter.execute(ForkedBooter.java:125)
	at org.apache.maven.surefire.booter.ForkedBooter.main(ForkedBooter.java:417)
]]></system-err>
  </testcase>
  <testcase name="TP_oneM2M_CSE_DMR_DEL_011_RCN_9" classname="data.management.repository.TP_oneM2M_CSE_DMR_DEL_011" time="7.008"/>
</testsuite>