<?xml version="1.0" encoding="UTF-8"?>
<testsuite xmlns:xsi="http://www.w3.org/2001/XMLSchema-instance" xsi:noNamespaceSchemaLocation="https://maven.apache.org/surefire/maven-surefire-plugin/xsd/surefire-test-report.xsd" name="general.capabilities.TP_oneM2M_CSE_GEN_DEL_002" time="8.137" tests="2" errors="0" skipped="0" failures="0">
  <properties>
[...]
</properties>
  <testcase name="TP_oneM2M_CSE_GEN_RET_002_CSR" classname="general.capabilities.TP_oneM2M_CSE_GEN_DEL_002" time="4.049"/>
  <testcase name="TP_oneM2M_CSE_GEN_RET_002_SPR" classname="general.capabilities.TP_oneM2M_CSE_GEN_DEL_002" time="4.086"/>
</testsuite>